{"C:\\Users\\frobd\\Documents\\isa\\plataforma-torneios-backend\\plataforma-torneio\\api\\index.js": {"path":"C:\\Users\\frobd\\Documents\\isa\\plataforma-torneios-backend\\plataforma-torneio\\api\\index.js","statementMap":{"0":{"start":{"line":7,"column":12},"end":{"line":7,"column":21}},"1":{"start":{"line":8,"column":0},"end":{"line":8,"column":29}},"2":{"start":{"line":11,"column":0},"end":{"line":11,"column":16}},"3":{"start":{"line":13,"column":0},"end":{"line":17,"column":3}},"4":{"start":{"line":14,"column":2},"end":{"line":16,"column":4}},"5":{"start":{"line":19,"column":0},"end":{"line":19,"column":24}},"6":{"start":{"line":20,"column":0},"end":{"line":20,"column":48}},"7":{"start":{"line":22,"column":0},"end":{"line":22,"column":24}},"8":{"start":{"line":24,"column":0},"end":{"line":32,"column":1}},"9":{"start":{"line":25,"column":2},"end":{"line":28,"column":70}},"10":{"start":{"line":27,"column":16},"end":{"line":27,"column":65}},"11":{"start":{"line":28,"column":20},"end":{"line":28,"column":68}},"12":{"start":{"line":30,"column":15},"end":{"line":30,"column":39}},"13":{"start":{"line":31,"column":2},"end":{"line":31,"column":62}},"14":{"start":{"line":31,"column":25},"end":{"line":31,"column":60}}},"fnMap":{"0":{"name":"(anonymous_0)","decl":{"start":{"line":13,"column":13},"end":{"line":13,"column":14}},"loc":{"start":{"line":13,"column":27},"end":{"line":17,"column":1}},"line":13},"1":{"name":"(anonymous_1)","decl":{"start":{"line":27,"column":10},"end":{"line":27,"column":11}},"loc":{"start":{"line":27,"column":16},"end":{"line":27,"column":65}},"line":27},"2":{"name":"(anonymous_2)","decl":{"start":{"line":28,"column":11},"end":{"line":28,"column":12}},"loc":{"start":{"line":28,"column":20},"end":{"line":28,"column":68}},"line":28},"3":{"name":"(anonymous_3)","decl":{"start":{"line":31,"column":19},"end":{"line":31,"column":20}},"loc":{"start":{"line":31,"column":25},"end":{"line":31,"column":60}},"line":31}},"branchMap":{"0":{"loc":{"start":{"line":24,"column":0},"end":{"line":32,"column":1}},"type":"if","locations":[{"start":{"line":24,"column":0},"end":{"line":32,"column":1}},{"start":{},"end":{}}],"line":24},"1":{"loc":{"start":{"line":30,"column":15},"end":{"line":30,"column":39}},"type":"binary-expr","locations":[{"start":{"line":30,"column":15},"end":{"line":30,"column":31}},{"start":{"line":30,"column":35},"end":{"line":30,"column":39}}],"line":30}},"s":{"0":12,"1":12,"2":12,"3":12,"4":0,"5":12,"6":12,"7":12,"8":12,"9":0,"10":0,"11":0,"12":0,"13":0,"14":0},"f":{"0":0,"1":0,"2":0,"3":0},"b":{"0":[0,12],"1":[0,0]},"_coverageSchema":"1a1c01bbd47fc00a2c39e90264f33305004495a9","hash":"d55c197ca90db5958aa10ffde32cc6a55b6a31e2"}
,"C:\\Users\\frobd\\Documents\\isa\\plataforma-torneios-backend\\plataforma-torneio\\api\\controllers\\adminController.js": {"path":"C:\\Users\\frobd\\Documents\\isa\\plataforma-torneios-backend\\plataforma-torneio\\api\\controllers\\adminController.js","statementMap":{"0":{"start":{"line":10,"column":29},"end":{"line":20,"column":1}},"1":{"start":{"line":11,"column":2},"end":{"line":19,"column":3}},"2":{"start":{"line":12,"column":18},"end":{"line":12,"column":52}},"3":{"start":{"line":13,"column":4},"end":{"line":16,"column":7}},"4":{"start":{"line":18,"column":4},"end":{"line":18,"column":54}},"5":{"start":{"line":22,"column":26},"end":{"line":41,"column":1}},"6":{"start":{"line":23,"column":2},"end":{"line":40,"column":3}},"7":{"start":{"line":24,"column":18},"end":{"line":24,"column":68}},"8":{"start":{"line":27,"column":20},"end":{"line":27,"column":37}},"9":{"start":{"line":29,"column":4},"end":{"line":37,"column":7}},"10":{"start":{"line":39,"column":4},"end":{"line":39,"column":54}},"11":{"start":{"line":43,"column":27},"end":{"line":54,"column":1}},"12":{"start":{"line":44,"column":2},"end":{"line":53,"column":3}},"13":{"start":{"line":45,"column":27},"end":{"line":45,"column":37}},"14":{"start":{"line":46,"column":28},"end":{"line":46,"column":74}},"15":{"start":{"line":47,"column":4},"end":{"line":50,"column":7}},"16":{"start":{"line":52,"column":4},"end":{"line":52,"column":54}},"17":{"start":{"line":56,"column":27},"end":{"line":64,"column":1}},"18":{"start":{"line":57,"column":2},"end":{"line":63,"column":3}},"19":{"start":{"line":58,"column":27},"end":{"line":58,"column":37}},"20":{"start":{"line":59,"column":4},"end":{"line":59,"column":41}},"21":{"start":{"line":60,"column":4},"end":{"line":60,"column":34}},"22":{"start":{"line":62,"column":4},"end":{"line":62,"column":54}},"23":{"start":{"line":66,"column":26},"end":{"line":79,"column":1}},"24":{"start":{"line":67,"column":2},"end":{"line":78,"column":3}},"25":{"start":{"line":68,"column":23},"end":{"line":68,"column":37}},"26":{"start":{"line":70,"column":18},"end":{"line":70,"column":55}},"27":{"start":{"line":72,"column":4},"end":{"line":75,"column":7}},"28":{"start":{"line":77,"column":4},"end":{"line":77,"column":54}}},"fnMap":{"0":{"name":"(anonymous_0)","decl":{"start":{"line":10,"column":29},"end":{"line":10,"column":30}},"loc":{"start":{"line":10,"column":49},"end":{"line":20,"column":1}},"line":10},"1":{"name":"(anonymous_1)","decl":{"start":{"line":22,"column":26},"end":{"line":22,"column":27}},"loc":{"start":{"line":22,"column":46},"end":{"line":41,"column":1}},"line":22},"2":{"name":"(anonymous_2)","decl":{"start":{"line":43,"column":27},"end":{"line":43,"column":28}},"loc":{"start":{"line":43,"column":47},"end":{"line":54,"column":1}},"line":43},"3":{"name":"(anonymous_3)","decl":{"start":{"line":56,"column":27},"end":{"line":56,"column":28}},"loc":{"start":{"line":56,"column":47},"end":{"line":64,"column":1}},"line":56},"4":{"name":"(anonymous_4)","decl":{"start":{"line":66,"column":26},"end":{"line":66,"column":27}},"loc":{"start":{"line":66,"column":46},"end":{"line":79,"column":1}},"line":66}},"branchMap":{},"s":{"0":12,"1":12,"2":12,"3":9,"4":3,"5":12,"6":9,"7":9,"8":9,"9":9,"10":0,"11":12,"12":1,"13":1,"14":1,"15":1,"16":0,"17":12,"18":1,"19":1,"20":1,"21":1,"22":0,"23":12,"24":0,"25":0,"26":0,"27":0,"28":0},"f":{"0":12,"1":9,"2":1,"3":1,"4":0},"b":{},"_coverageSchema":"1a1c01bbd47fc00a2c39e90264f33305004495a9","hash":"7212686facdd9d373b1f046c58f986b491da1675"}
,"C:\\Users\\frobd\\Documents\\isa\\plataforma-torneios-backend\\plataforma-torneio\\api\\controllers\\authController.js": {"path":"C:\\Users\\frobd\\Documents\\isa\\plataforma-torneios-backend\\plataforma-torneio\\api\\controllers\\authController.js","statementMap":{"0":{"start":{"line":3,"column":21},"end":{"line":10,"column":1}},"1":{"start":{"line":4,"column":2},"end":{"line":9,"column":3}},"2":{"start":{"line":5,"column":18},"end":{"line":5,"column":68}},"3":{"start":{"line":6,"column":4},"end":{"line":6,"column":43}},"4":{"start":{"line":8,"column":4},"end":{"line":8,"column":54}},"5":{"start":{"line":12,"column":22},"end":{"line":22,"column":1}},"6":{"start":{"line":13,"column":2},"end":{"line":21,"column":3}},"7":{"start":{"line":14,"column":23},"end":{"line":14,"column":51}},"8":{"start":{"line":15,"column":4},"end":{"line":15,"column":78}},"9":{"start":{"line":15,"column":21},"end":{"line":15,"column":78}},"10":{"start":{"line":16,"column":18},"end":{"line":16,"column":42}},"11":{"start":{"line":17,"column":20},"end":{"line":17,"column":46}},"12":{"start":{"line":18,"column":4},"end":{"line":18,"column":29}},"13":{"start":{"line":20,"column":4},"end":{"line":20,"column":54}}},"fnMap":{"0":{"name":"(anonymous_0)","decl":{"start":{"line":3,"column":21},"end":{"line":3,"column":22}},"loc":{"start":{"line":3,"column":41},"end":{"line":10,"column":1}},"line":3},"1":{"name":"(anonymous_1)","decl":{"start":{"line":12,"column":22},"end":{"line":12,"column":23}},"loc":{"start":{"line":12,"column":42},"end":{"line":22,"column":1}},"line":12}},"branchMap":{"0":{"loc":{"start":{"line":15,"column":4},"end":{"line":15,"column":78}},"type":"if","locations":[{"start":{"line":15,"column":4},"end":{"line":15,"column":78}},{"start":{},"end":{}}],"line":15}},"s":{"0":12,"1":4,"2":4,"3":1,"4":3,"5":12,"6":2,"7":2,"8":2,"9":0,"10":2,"11":2,"12":2,"13":0},"f":{"0":4,"1":2},"b":{"0":[0,2]},"_coverageSchema":"1a1c01bbd47fc00a2c39e90264f33305004495a9","hash":"def26cb25dc291665b512ec10e3cd29b05f523d2"}
,"C:\\Users\\frobd\\Documents\\isa\\plataforma-torneios-backend\\plataforma-torneio\\api\\controllers\\equipeController.js": {"path":"C:\\Users\\frobd\\Documents\\isa\\plataforma-torneios-backend\\plataforma-torneio\\api\\controllers\\equipeController.js","statementMap":{"0":{"start":{"line":3,"column":25},"end":{"line":64,"column":1}},"1":{"start":{"line":5,"column":4},"end":{"line":13,"column":5}},"2":{"start":{"line":6,"column":21},"end":{"line":6,"column":57}},"3":{"start":{"line":7,"column":6},"end":{"line":10,"column":9}},"4":{"start":{"line":12,"column":6},"end":{"line":12,"column":60}},"5":{"start":{"line":17,"column":4},"end":{"line":26,"column":5}},"6":{"start":{"line":18,"column":22},"end":{"line":18,"column":50}},"7":{"start":{"line":19,"column":6},"end":{"line":23,"column":9}},"8":{"start":{"line":25,"column":6},"end":{"line":25,"column":60}},"9":{"start":{"line":30,"column":4},"end":{"line":38,"column":5}},"10":{"start":{"line":31,"column":21},"end":{"line":31,"column":63}},"11":{"start":{"line":32,"column":6},"end":{"line":35,"column":9}},"12":{"start":{"line":37,"column":6},"end":{"line":37,"column":60}},"13":{"start":{"line":42,"column":4},"end":{"line":50,"column":5}},"14":{"start":{"line":43,"column":21},"end":{"line":43,"column":72}},"15":{"start":{"line":44,"column":6},"end":{"line":47,"column":9}},"16":{"start":{"line":49,"column":6},"end":{"line":49,"column":60}},"17":{"start":{"line":54,"column":4},"end":{"line":62,"column":5}},"18":{"start":{"line":55,"column":6},"end":{"line":55,"column":48}},"19":{"start":{"line":56,"column":6},"end":{"line":59,"column":9}},"20":{"start":{"line":61,"column":6},"end":{"line":61,"column":60}}},"fnMap":{"0":{"name":"(anonymous_0)","decl":{"start":{"line":4,"column":16},"end":{"line":4,"column":17}},"loc":{"start":{"line":4,"column":36},"end":{"line":14,"column":3}},"line":4},"1":{"name":"(anonymous_1)","decl":{"start":{"line":16,"column":17},"end":{"line":16,"column":18}},"loc":{"start":{"line":16,"column":37},"end":{"line":27,"column":3}},"line":16},"2":{"name":"(anonymous_2)","decl":{"start":{"line":29,"column":17},"end":{"line":29,"column":18}},"loc":{"start":{"line":29,"column":37},"end":{"line":39,"column":3}},"line":29},"3":{"name":"(anonymous_3)","decl":{"start":{"line":41,"column":16},"end":{"line":41,"column":17}},"loc":{"start":{"line":41,"column":36},"end":{"line":51,"column":3}},"line":41},"4":{"name":"(anonymous_4)","decl":{"start":{"line":53,"column":16},"end":{"line":53,"column":17}},"loc":{"start":{"line":53,"column":36},"end":{"line":63,"column":3}},"line":53}},"branchMap":{},"s":{"0":12,"1":20,"2":20,"3":20,"4":0,"5":1,"6":1,"7":1,"8":0,"9":2,"10":2,"11":1,"12":1,"13":1,"14":1,"15":1,"16":0,"17":1,"18":1,"19":1,"20":0},"f":{"0":20,"1":1,"2":2,"3":1,"4":1},"b":{},"_coverageSchema":"1a1c01bbd47fc00a2c39e90264f33305004495a9","hash":"6fafa0010c32a2e50fb5d566f50f44b3cdd2bc89"}
,"C:\\Users\\frobd\\Documents\\isa\\plataforma-torneios-backend\\plataforma-torneio\\api\\controllers\\equipeUsuarioController.js": {"path":"C:\\Users\\frobd\\Documents\\isa\\plataforma-torneios-backend\\plataforma-torneio\\api\\controllers\\equipeUsuarioController.js","statementMap":{"0":{"start":{"line":3,"column":32},"end":{"line":75,"column":1}},"1":{"start":{"line":5,"column":4},"end":{"line":15,"column":5}},"2":{"start":{"line":6,"column":28},"end":{"line":6,"column":63}},"3":{"start":{"line":8,"column":6},"end":{"line":12,"column":9}},"4":{"start":{"line":14,"column":6},"end":{"line":14,"column":16}},"5":{"start":{"line":19,"column":4},"end":{"line":28,"column":5}},"6":{"start":{"line":20,"column":28},"end":{"line":20,"column":90}},"7":{"start":{"line":22,"column":6},"end":{"line":25,"column":9}},"8":{"start":{"line":27,"column":6},"end":{"line":27,"column":16}},"9":{"start":{"line":32,"column":4},"end":{"line":44,"column":5}},"10":{"start":{"line":33,"column":28},"end":{"line":36,"column":8}},"11":{"start":{"line":38,"column":6},"end":{"line":41,"column":9}},"12":{"start":{"line":43,"column":6},"end":{"line":43,"column":16}},"13":{"start":{"line":48,"column":4},"end":{"line":60,"column":5}},"14":{"start":{"line":49,"column":28},"end":{"line":52,"column":8}},"15":{"start":{"line":54,"column":6},"end":{"line":57,"column":9}},"16":{"start":{"line":59,"column":6},"end":{"line":59,"column":16}},"17":{"start":{"line":64,"column":4},"end":{"line":73,"column":5}},"18":{"start":{"line":65,"column":6},"end":{"line":65,"column":55}},"19":{"start":{"line":67,"column":6},"end":{"line":70,"column":9}},"20":{"start":{"line":72,"column":6},"end":{"line":72,"column":16}}},"fnMap":{"0":{"name":"(anonymous_0)","decl":{"start":{"line":4,"column":2},"end":{"line":4,"column":3}},"loc":{"start":{"line":4,"column":45},"end":{"line":16,"column":3}},"line":4},"1":{"name":"(anonymous_1)","decl":{"start":{"line":18,"column":2},"end":{"line":18,"column":3}},"loc":{"start":{"line":18,"column":45},"end":{"line":29,"column":3}},"line":18},"2":{"name":"(anonymous_2)","decl":{"start":{"line":31,"column":2},"end":{"line":31,"column":3}},"loc":{"start":{"line":31,"column":44},"end":{"line":45,"column":3}},"line":31},"3":{"name":"(anonymous_3)","decl":{"start":{"line":47,"column":2},"end":{"line":47,"column":3}},"loc":{"start":{"line":47,"column":44},"end":{"line":61,"column":3}},"line":47},"4":{"name":"(anonymous_4)","decl":{"start":{"line":63,"column":2},"end":{"line":63,"column":3}},"loc":{"start":{"line":63,"column":44},"end":{"line":74,"column":3}},"line":63}},"branchMap":{},"s":{"0":12,"1":1,"2":1,"3":1,"4":0,"5":1,"6":1,"7":0,"8":1,"9":2,"10":2,"11":0,"12":2,"13":1,"14":1,"15":0,"16":1,"17":0,"18":0,"19":0,"20":0},"f":{"0":1,"1":1,"2":2,"3":1,"4":0},"b":{},"_coverageSchema":"1a1c01bbd47fc00a2c39e90264f33305004495a9","hash":"ce9bd98576aef96c3a76f86a65e6e4f4058a8d1c"}
,"C:\\Users\\frobd\\Documents\\isa\\plataforma-torneios-backend\\plataforma-torneio\\api\\controllers\\inscricaoController.js": {"path":"C:\\Users\\frobd\\Documents\\isa\\plataforma-torneios-backend\\plataforma-torneio\\api\\controllers\\inscricaoController.js","statementMap":{"0":{"start":{"line":10,"column":31},"end":{"line":32,"column":1}},"1":{"start":{"line":11,"column":2},"end":{"line":31,"column":3}},"2":{"start":{"line":12,"column":38},"end":{"line":12,"column":46}},"3":{"start":{"line":14,"column":4},"end":{"line":18,"column":5}},"4":{"start":{"line":15,"column":6},"end":{"line":17,"column":9}},"5":{"start":{"line":20,"column":25},"end":{"line":23,"column":6}},"6":{"start":{"line":25,"column":4},"end":{"line":28,"column":7}},"7":{"start":{"line":30,"column":4},"end":{"line":30,"column":54}},"8":{"start":{"line":34,"column":32},"end":{"line":41,"column":1}},"9":{"start":{"line":35,"column":2},"end":{"line":40,"column":3}},"10":{"start":{"line":36,"column":23},"end":{"line":36,"column":54}},"11":{"start":{"line":37,"column":4},"end":{"line":37,"column":54}},"12":{"start":{"line":39,"column":4},"end":{"line":39,"column":54}},"13":{"start":{"line":43,"column":32},"end":{"line":50,"column":1}},"14":{"start":{"line":44,"column":2},"end":{"line":49,"column":3}},"15":{"start":{"line":45,"column":22},"end":{"line":45,"column":66}},"16":{"start":{"line":46,"column":4},"end":{"line":46,"column":53}},"17":{"start":{"line":48,"column":4},"end":{"line":48,"column":54}},"18":{"start":{"line":52,"column":31},"end":{"line":73,"column":1}},"19":{"start":{"line":53,"column":2},"end":{"line":72,"column":3}},"20":{"start":{"line":54,"column":23},"end":{"line":54,"column":31}},"21":{"start":{"line":56,"column":26},"end":{"line":56,"column":65}},"22":{"start":{"line":58,"column":4},"end":{"line":60,"column":5}},"23":{"start":{"line":59,"column":6},"end":{"line":59,"column":64}},"24":{"start":{"line":62,"column":32},"end":{"line":64,"column":6}},"25":{"start":{"line":66,"column":4},"end":{"line":69,"column":7}},"26":{"start":{"line":71,"column":4},"end":{"line":71,"column":54}},"27":{"start":{"line":75,"column":31},"end":{"line":82,"column":1}},"28":{"start":{"line":76,"column":2},"end":{"line":81,"column":3}},"29":{"start":{"line":77,"column":4},"end":{"line":77,"column":48}},"30":{"start":{"line":78,"column":4},"end":{"line":78,"column":34}},"31":{"start":{"line":80,"column":4},"end":{"line":80,"column":54}}},"fnMap":{"0":{"name":"(anonymous_0)","decl":{"start":{"line":10,"column":31},"end":{"line":10,"column":32}},"loc":{"start":{"line":10,"column":51},"end":{"line":32,"column":1}},"line":10},"1":{"name":"(anonymous_1)","decl":{"start":{"line":34,"column":32},"end":{"line":34,"column":33}},"loc":{"start":{"line":34,"column":52},"end":{"line":41,"column":1}},"line":34},"2":{"name":"(anonymous_2)","decl":{"start":{"line":43,"column":32},"end":{"line":43,"column":33}},"loc":{"start":{"line":43,"column":52},"end":{"line":50,"column":1}},"line":43},"3":{"name":"(anonymous_3)","decl":{"start":{"line":52,"column":31},"end":{"line":52,"column":32}},"loc":{"start":{"line":52,"column":51},"end":{"line":73,"column":1}},"line":52},"4":{"name":"(anonymous_4)","decl":{"start":{"line":75,"column":31},"end":{"line":75,"column":32}},"loc":{"start":{"line":75,"column":51},"end":{"line":82,"column":1}},"line":75}},"branchMap":{"0":{"loc":{"start":{"line":14,"column":4},"end":{"line":18,"column":5}},"type":"if","locations":[{"start":{"line":14,"column":4},"end":{"line":18,"column":5}},{"start":{},"end":{}}],"line":14},"1":{"loc":{"start":{"line":14,"column":8},"end":{"line":14,"column":33}},"type":"binary-expr","locations":[{"start":{"line":14,"column":8},"end":{"line":14,"column":18}},{"start":{"line":14,"column":22},"end":{"line":14,"column":33}}],"line":14},"2":{"loc":{"start":{"line":58,"column":4},"end":{"line":60,"column":5}},"type":"if","locations":[{"start":{"line":58,"column":4},"end":{"line":60,"column":5}},{"start":{},"end":{}}],"line":58},"3":{"loc":{"start":{"line":58,"column":8},"end":{"line":58,"column":49}},"type":"binary-expr","locations":[{"start":{"line":58,"column":8},"end":{"line":58,"column":14}},{"start":{"line":58,"column":18},"end":{"line":58,"column":49}}],"line":58}},"s":{"0":12,"1":12,"2":12,"3":12,"4":3,"5":9,"6":6,"7":3,"8":12,"9":1,"10":1,"11":1,"12":0,"13":12,"14":2,"15":2,"16":0,"17":2,"18":12,"19":6,"20":6,"21":6,"22":6,"23":1,"24":5,"25":4,"26":1,"27":12,"28":2,"29":2,"30":2,"31":0},"f":{"0":12,"1":1,"2":2,"3":6,"4":2},"b":{"0":[3,9],"1":[12,10],"2":[1,5],"3":[6,6]},"_coverageSchema":"1a1c01bbd47fc00a2c39e90264f33305004495a9","hash":"65b17a7d8f653451ad65844d49378e3bff24e0d5"}
,"C:\\Users\\frobd\\Documents\\isa\\plataforma-torneios-backend\\plataforma-torneio\\api\\controllers\\partidaController.js": {"path":"C:\\Users\\frobd\\Documents\\isa\\plataforma-torneios-backend\\plataforma-torneio\\api\\controllers\\partidaController.js","statementMap":{"0":{"start":{"line":14,"column":28},"end":{"line":21,"column":1}},"1":{"start":{"line":15,"column":2},"end":{"line":20,"column":3}},"2":{"start":{"line":16,"column":19},"end":{"line":16,"column":54}},"3":{"start":{"line":17,"column":4},"end":{"line":17,"column":77}},"4":{"start":{"line":19,"column":4},"end":{"line":19,"column":54}},"5":{"start":{"line":23,"column":29},"end":{"line":30,"column":1}},"6":{"start":{"line":24,"column":2},"end":{"line":29,"column":3}},"7":{"start":{"line":25,"column":20},"end":{"line":25,"column":69}},"8":{"start":{"line":26,"column":4},"end":{"line":26,"column":41}},"9":{"start":{"line":28,"column":4},"end":{"line":28,"column":54}},"10":{"start":{"line":32,"column":30},"end":{"line":39,"column":1}},"11":{"start":{"line":33,"column":2},"end":{"line":38,"column":3}},"12":{"start":{"line":34,"column":21},"end":{"line":34,"column":59}},"13":{"start":{"line":35,"column":4},"end":{"line":35,"column":42}},"14":{"start":{"line":37,"column":4},"end":{"line":37,"column":54}},"15":{"start":{"line":41,"column":29},"end":{"line":48,"column":1}},"16":{"start":{"line":42,"column":2},"end":{"line":47,"column":3}},"17":{"start":{"line":43,"column":20},"end":{"line":43,"column":79}},"18":{"start":{"line":44,"column":4},"end":{"line":44,"column":41}},"19":{"start":{"line":46,"column":4},"end":{"line":46,"column":54}},"20":{"start":{"line":50,"column":30},"end":{"line":57,"column":1}},"21":{"start":{"line":51,"column":2},"end":{"line":56,"column":3}},"22":{"start":{"line":52,"column":4},"end":{"line":52,"column":55}},"23":{"start":{"line":53,"column":4},"end":{"line":53,"column":34}},"24":{"start":{"line":55,"column":4},"end":{"line":55,"column":54}},"25":{"start":{"line":59,"column":23},"end":{"line":67,"column":1}},"26":{"start":{"line":60,"column":2},"end":{"line":66,"column":3}},"27":{"start":{"line":61,"column":24},"end":{"line":61,"column":32}},"28":{"start":{"line":62,"column":20},"end":{"line":62,"column":79}},"29":{"start":{"line":63,"column":4},"end":{"line":63,"column":41}},"30":{"start":{"line":65,"column":4},"end":{"line":65,"column":54}},"31":{"start":{"line":69,"column":23},"end":{"line":76,"column":1}},"32":{"start":{"line":70,"column":2},"end":{"line":75,"column":3}},"33":{"start":{"line":71,"column":20},"end":{"line":71,"column":70}},"34":{"start":{"line":72,"column":4},"end":{"line":72,"column":41}},"35":{"start":{"line":74,"column":4},"end":{"line":74,"column":54}},"36":{"start":{"line":78,"column":34},"end":{"line":86,"column":1}},"37":{"start":{"line":79,"column":2},"end":{"line":85,"column":3}},"38":{"start":{"line":80,"column":34},"end":{"line":80,"column":42}},"39":{"start":{"line":81,"column":20},"end":{"line":81,"column":93}},"40":{"start":{"line":82,"column":4},"end":{"line":82,"column":41}},"41":{"start":{"line":84,"column":4},"end":{"line":84,"column":54}},"42":{"start":{"line":88,"column":31},"end":{"line":96,"column":1}},"43":{"start":{"line":89,"column":2},"end":{"line":95,"column":3}},"44":{"start":{"line":90,"column":28},"end":{"line":90,"column":36}},"45":{"start":{"line":91,"column":20},"end":{"line":91,"column":84}},"46":{"start":{"line":92,"column":4},"end":{"line":92,"column":41}},"47":{"start":{"line":94,"column":4},"end":{"line":94,"column":54}},"48":{"start":{"line":98,"column":25},"end":{"line":105,"column":1}},"49":{"start":{"line":99,"column":2},"end":{"line":104,"column":3}},"50":{"start":{"line":100,"column":20},"end":{"line":100,"column":72}},"51":{"start":{"line":101,"column":4},"end":{"line":101,"column":41}},"52":{"start":{"line":103,"column":4},"end":{"line":103,"column":54}}},"fnMap":{"0":{"name":"(anonymous_0)","decl":{"start":{"line":14,"column":28},"end":{"line":14,"column":29}},"loc":{"start":{"line":14,"column":48},"end":{"line":21,"column":1}},"line":14},"1":{"name":"(anonymous_1)","decl":{"start":{"line":23,"column":29},"end":{"line":23,"column":30}},"loc":{"start":{"line":23,"column":49},"end":{"line":30,"column":1}},"line":23},"2":{"name":"(anonymous_2)","decl":{"start":{"line":32,"column":30},"end":{"line":32,"column":31}},"loc":{"start":{"line":32,"column":50},"end":{"line":39,"column":1}},"line":32},"3":{"name":"(anonymous_3)","decl":{"start":{"line":41,"column":29},"end":{"line":41,"column":30}},"loc":{"start":{"line":41,"column":49},"end":{"line":48,"column":1}},"line":41},"4":{"name":"(anonymous_4)","decl":{"start":{"line":50,"column":30},"end":{"line":50,"column":31}},"loc":{"start":{"line":50,"column":50},"end":{"line":57,"column":1}},"line":50},"5":{"name":"(anonymous_5)","decl":{"start":{"line":59,"column":23},"end":{"line":59,"column":24}},"loc":{"start":{"line":59,"column":43},"end":{"line":67,"column":1}},"line":59},"6":{"name":"(anonymous_6)","decl":{"start":{"line":69,"column":23},"end":{"line":69,"column":24}},"loc":{"start":{"line":69,"column":43},"end":{"line":76,"column":1}},"line":69},"7":{"name":"(anonymous_7)","decl":{"start":{"line":78,"column":34},"end":{"line":78,"column":35}},"loc":{"start":{"line":78,"column":54},"end":{"line":86,"column":1}},"line":78},"8":{"name":"(anonymous_8)","decl":{"start":{"line":88,"column":31},"end":{"line":88,"column":32}},"loc":{"start":{"line":88,"column":51},"end":{"line":96,"column":1}},"line":88},"9":{"name":"(anonymous_9)","decl":{"start":{"line":98,"column":25},"end":{"line":98,"column":26}},"loc":{"start":{"line":98,"column":45},"end":{"line":105,"column":1}},"line":98}},"branchMap":{},"s":{"0":12,"1":9,"2":9,"3":6,"4":3,"5":12,"6":2,"7":2,"8":0,"9":2,"10":12,"11":1,"12":1,"13":1,"14":0,"15":12,"16":1,"17":1,"18":0,"19":1,"20":12,"21":1,"22":1,"23":1,"24":0,"25":12,"26":2,"27":2,"28":2,"29":1,"30":1,"31":12,"32":4,"33":4,"34":3,"35":1,"36":12,"37":2,"38":2,"39":2,"40":1,"41":1,"42":12,"43":2,"44":2,"45":2,"46":1,"47":1,"48":12,"49":2,"50":2,"51":1,"52":1},"f":{"0":9,"1":2,"2":1,"3":1,"4":1,"5":2,"6":4,"7":2,"8":2,"9":2},"b":{},"_coverageSchema":"1a1c01bbd47fc00a2c39e90264f33305004495a9","hash":"3ca7c75f66d0e6a37e6f4aad2d8ed0bf9e893920"}
,"C:\\Users\\frobd\\Documents\\isa\\plataforma-torneios-backend\\plataforma-torneio\\api\\controllers\\partidaUsuarioController.js": {"path":"C:\\Users\\frobd\\Documents\\isa\\plataforma-torneios-backend\\plataforma-torneio\\api\\controllers\\partidaUsuarioController.js","statementMap":{"0":{"start":{"line":11,"column":35},"end":{"line":18,"column":1}},"1":{"start":{"line":12,"column":2},"end":{"line":17,"column":3}},"2":{"start":{"line":13,"column":19},"end":{"line":13,"column":61}},"3":{"start":{"line":14,"column":4},"end":{"line":14,"column":77}},"4":{"start":{"line":16,"column":4},"end":{"line":16,"column":54}},"5":{"start":{"line":20,"column":36},"end":{"line":27,"column":1}},"6":{"start":{"line":21,"column":2},"end":{"line":26,"column":3}},"7":{"start":{"line":22,"column":27},"end":{"line":22,"column":91}},"8":{"start":{"line":23,"column":4},"end":{"line":23,"column":48}},"9":{"start":{"line":25,"column":4},"end":{"line":25,"column":54}},"10":{"start":{"line":29,"column":37},"end":{"line":36,"column":1}},"11":{"start":{"line":30,"column":2},"end":{"line":35,"column":3}},"12":{"start":{"line":31,"column":28},"end":{"line":31,"column":73}},"13":{"start":{"line":32,"column":4},"end":{"line":32,"column":49}},"14":{"start":{"line":34,"column":4},"end":{"line":34,"column":54}},"15":{"start":{"line":38,"column":36},"end":{"line":45,"column":1}},"16":{"start":{"line":39,"column":2},"end":{"line":44,"column":3}},"17":{"start":{"line":40,"column":27},"end":{"line":40,"column":101}},"18":{"start":{"line":41,"column":4},"end":{"line":41,"column":48}},"19":{"start":{"line":43,"column":4},"end":{"line":43,"column":54}},"20":{"start":{"line":47,"column":37},"end":{"line":54,"column":1}},"21":{"start":{"line":48,"column":2},"end":{"line":53,"column":3}},"22":{"start":{"line":49,"column":4},"end":{"line":49,"column":70}},"23":{"start":{"line":50,"column":4},"end":{"line":50,"column":34}},"24":{"start":{"line":52,"column":4},"end":{"line":52,"column":54}},"25":{"start":{"line":56,"column":31},"end":{"line":64,"column":1}},"26":{"start":{"line":57,"column":2},"end":{"line":63,"column":3}},"27":{"start":{"line":58,"column":26},"end":{"line":58,"column":34}},"28":{"start":{"line":59,"column":20},"end":{"line":59,"column":82}},"29":{"start":{"line":60,"column":4},"end":{"line":60,"column":41}},"30":{"start":{"line":62,"column":4},"end":{"line":62,"column":54}},"31":{"start":{"line":66,"column":32},"end":{"line":74,"column":1}},"32":{"start":{"line":67,"column":2},"end":{"line":73,"column":3}},"33":{"start":{"line":68,"column":23},"end":{"line":68,"column":31}},"34":{"start":{"line":69,"column":27},"end":{"line":69,"column":95}},"35":{"start":{"line":70,"column":4},"end":{"line":70,"column":48}},"36":{"start":{"line":72,"column":4},"end":{"line":72,"column":54}}},"fnMap":{"0":{"name":"(anonymous_0)","decl":{"start":{"line":11,"column":35},"end":{"line":11,"column":36}},"loc":{"start":{"line":11,"column":55},"end":{"line":18,"column":1}},"line":11},"1":{"name":"(anonymous_1)","decl":{"start":{"line":20,"column":36},"end":{"line":20,"column":37}},"loc":{"start":{"line":20,"column":56},"end":{"line":27,"column":1}},"line":20},"2":{"name":"(anonymous_2)","decl":{"start":{"line":29,"column":37},"end":{"line":29,"column":38}},"loc":{"start":{"line":29,"column":57},"end":{"line":36,"column":1}},"line":29},"3":{"name":"(anonymous_3)","decl":{"start":{"line":38,"column":36},"end":{"line":38,"column":37}},"loc":{"start":{"line":38,"column":56},"end":{"line":45,"column":1}},"line":38},"4":{"name":"(anonymous_4)","decl":{"start":{"line":47,"column":37},"end":{"line":47,"column":38}},"loc":{"start":{"line":47,"column":57},"end":{"line":54,"column":1}},"line":47},"5":{"name":"(anonymous_5)","decl":{"start":{"line":56,"column":31},"end":{"line":56,"column":32}},"loc":{"start":{"line":56,"column":51},"end":{"line":64,"column":1}},"line":56},"6":{"name":"(anonymous_6)","decl":{"start":{"line":66,"column":32},"end":{"line":66,"column":33}},"loc":{"start":{"line":66,"column":52},"end":{"line":74,"column":1}},"line":66}},"branchMap":{},"s":{"0":12,"1":4,"2":4,"3":3,"4":1,"5":12,"6":1,"7":1,"8":0,"9":1,"10":12,"11":1,"12":1,"13":0,"14":1,"15":12,"16":1,"17":1,"18":1,"19":0,"20":12,"21":1,"22":1,"23":1,"24":0,"25":12,"26":1,"27":1,"28":1,"29":1,"30":0,"31":12,"32":1,"33":1,"34":1,"35":1,"36":0},"f":{"0":4,"1":1,"2":1,"3":1,"4":1,"5":1,"6":1},"b":{},"_coverageSchema":"1a1c01bbd47fc00a2c39e90264f33305004495a9","hash":"3d10aca589235abc88478b689b5246d33fc6f59a"}
,"C:\\Users\\frobd\\Documents\\isa\\plataforma-torneios-backend\\plataforma-torneio\\api\\controllers\\rankingController.js": {"path":"C:\\Users\\frobd\\Documents\\isa\\plataforma-torneios-backend\\plataforma-torneio\\api\\controllers\\rankingController.js","statementMap":{"0":{"start":{"line":10,"column":34},"end":{"line":27,"column":1}},"1":{"start":{"line":11,"column":2},"end":{"line":26,"column":3}},"2":{"start":{"line":12,"column":29},"end":{"line":12,"column":38}},"3":{"start":{"line":13,"column":20},"end":{"line":13,"column":69}},"4":{"start":{"line":15,"column":4},"end":{"line":19,"column":7}},"5":{"start":{"line":21,"column":4},"end":{"line":25,"column":7}},"6":{"start":{"line":29,"column":36},"end":{"line":53,"column":1}},"7":{"start":{"line":30,"column":2},"end":{"line":52,"column":3}},"8":{"start":{"line":31,"column":27},"end":{"line":31,"column":37}},"9":{"start":{"line":32,"column":20},"end":{"line":32,"column":65}},"10":{"start":{"line":34,"column":4},"end":{"line":39,"column":5}},"11":{"start":{"line":35,"column":6},"end":{"line":38,"column":9}},"12":{"start":{"line":41,"column":4},"end":{"line":45,"column":7}},"13":{"start":{"line":47,"column":4},"end":{"line":51,"column":7}},"14":{"start":{"line":55,"column":32},"end":{"line":79,"column":1}},"15":{"start":{"line":56,"column":2},"end":{"line":78,"column":3}},"16":{"start":{"line":57,"column":24},"end":{"line":57,"column":34}},"17":{"start":{"line":58,"column":20},"end":{"line":58,"column":68}},"18":{"start":{"line":60,"column":4},"end":{"line":65,"column":5}},"19":{"start":{"line":61,"column":6},"end":{"line":64,"column":9}},"20":{"start":{"line":67,"column":4},"end":{"line":71,"column":7}},"21":{"start":{"line":73,"column":4},"end":{"line":77,"column":7}},"22":{"start":{"line":81,"column":34},"end":{"line":106,"column":1}},"23":{"start":{"line":82,"column":2},"end":{"line":105,"column":3}},"24":{"start":{"line":83,"column":49},"end":{"line":83,"column":57}},"25":{"start":{"line":85,"column":4},"end":{"line":90,"column":5}},"26":{"start":{"line":86,"column":6},"end":{"line":89,"column":9}},"27":{"start":{"line":92,"column":20},"end":{"line":92,"column":85}},"28":{"start":{"line":94,"column":4},"end":{"line":98,"column":7}},"29":{"start":{"line":100,"column":4},"end":{"line":104,"column":7}},"30":{"start":{"line":108,"column":33},"end":{"line":124,"column":1}},"31":{"start":{"line":109,"column":2},"end":{"line":123,"column":3}},"32":{"start":{"line":110,"column":21},"end":{"line":110,"column":54}},"33":{"start":{"line":112,"column":4},"end":{"line":116,"column":7}},"34":{"start":{"line":118,"column":4},"end":{"line":122,"column":7}},"35":{"start":{"line":127,"column":37},"end":{"line":145,"column":1}},"36":{"start":{"line":128,"column":2},"end":{"line":144,"column":3}},"37":{"start":{"line":129,"column":27},"end":{"line":129,"column":37}},"38":{"start":{"line":131,"column":20},"end":{"line":131,"column":66}},"39":{"start":{"line":133,"column":4},"end":{"line":137,"column":7}},"40":{"start":{"line":139,"column":4},"end":{"line":143,"column":7}}},"fnMap":{"0":{"name":"(anonymous_0)","decl":{"start":{"line":10,"column":34},"end":{"line":10,"column":35}},"loc":{"start":{"line":10,"column":54},"end":{"line":27,"column":1}},"line":10},"1":{"name":"(anonymous_1)","decl":{"start":{"line":29,"column":36},"end":{"line":29,"column":37}},"loc":{"start":{"line":29,"column":56},"end":{"line":53,"column":1}},"line":29},"2":{"name":"(anonymous_2)","decl":{"start":{"line":55,"column":32},"end":{"line":55,"column":33}},"loc":{"start":{"line":55,"column":52},"end":{"line":79,"column":1}},"line":55},"3":{"name":"(anonymous_3)","decl":{"start":{"line":81,"column":34},"end":{"line":81,"column":35}},"loc":{"start":{"line":81,"column":54},"end":{"line":106,"column":1}},"line":81},"4":{"name":"(anonymous_4)","decl":{"start":{"line":108,"column":33},"end":{"line":108,"column":34}},"loc":{"start":{"line":108,"column":53},"end":{"line":124,"column":1}},"line":108},"5":{"name":"(anonymous_5)","decl":{"start":{"line":127,"column":37},"end":{"line":127,"column":38}},"loc":{"start":{"line":127,"column":57},"end":{"line":145,"column":1}},"line":127}},"branchMap":{"0":{"loc":{"start":{"line":12,"column":12},"end":{"line":12,"column":24}},"type":"default-arg","locations":[{"start":{"line":12,"column":21},"end":{"line":12,"column":24}}],"line":12},"1":{"loc":{"start":{"line":34,"column":4},"end":{"line":39,"column":5}},"type":"if","locations":[{"start":{"line":34,"column":4},"end":{"line":39,"column":5}},{"start":{},"end":{}}],"line":34},"2":{"loc":{"start":{"line":60,"column":4},"end":{"line":65,"column":5}},"type":"if","locations":[{"start":{"line":60,"column":4},"end":{"line":65,"column":5}},{"start":{},"end":{}}],"line":60},"3":{"loc":{"start":{"line":85,"column":4},"end":{"line":90,"column":5}},"type":"if","locations":[{"start":{"line":85,"column":4},"end":{"line":90,"column":5}},{"start":{},"end":{}}],"line":85},"4":{"loc":{"start":{"line":85,"column":8},"end":{"line":85,"column":35}},"type":"binary-expr","locations":[{"start":{"line":85,"column":8},"end":{"line":85,"column":19}},{"start":{"line":85,"column":23},"end":{"line":85,"column":35}}],"line":85}},"s":{"0":12,"1":2,"2":2,"3":2,"4":2,"5":0,"6":12,"7":2,"8":2,"9":2,"10":1,"11":1,"12":0,"13":1,"14":12,"15":3,"16":3,"17":3,"18":3,"19":3,"20":0,"21":0,"22":12,"23":8,"24":8,"25":8,"26":8,"27":0,"28":0,"29":0,"30":12,"31":1,"32":1,"33":1,"34":0,"35":12,"36":1,"37":1,"38":1,"39":0,"40":1},"f":{"0":2,"1":2,"2":3,"3":8,"4":1,"5":1},"b":{"0":[1],"1":[1,0],"2":[3,0],"3":[8,0],"4":[8,0]},"_coverageSchema":"1a1c01bbd47fc00a2c39e90264f33305004495a9","hash":"c587d7549310a42d1e25691afaf81757011f0422"}
,"C:\\Users\\frobd\\Documents\\isa\\plataforma-torneios-backend\\plataforma-torneio\\api\\controllers\\torneioController.js": {"path":"C:\\Users\\frobd\\Documents\\isa\\plataforma-torneios-backend\\plataforma-torneio\\api\\controllers\\torneioController.js","statementMap":{"0":{"start":{"line":3,"column":28},"end":{"line":10,"column":1}},"1":{"start":{"line":4,"column":2},"end":{"line":9,"column":3}},"2":{"start":{"line":5,"column":24},"end":{"line":5,"column":59}},"3":{"start":{"line":6,"column":4},"end":{"line":6,"column":82}},"4":{"start":{"line":8,"column":4},"end":{"line":8,"column":54}},"5":{"start":{"line":12,"column":30},"end":{"line":19,"column":1}},"6":{"start":{"line":13,"column":2},"end":{"line":18,"column":3}},"7":{"start":{"line":14,"column":21},"end":{"line":14,"column":50}},"8":{"start":{"line":15,"column":4},"end":{"line":15,"column":42}},"9":{"start":{"line":17,"column":4},"end":{"line":17,"column":54}},"10":{"start":{"line":21,"column":29},"end":{"line":28,"column":1}},"11":{"start":{"line":22,"column":2},"end":{"line":27,"column":3}},"12":{"start":{"line":23,"column":20},"end":{"line":23,"column":69}},"13":{"start":{"line":24,"column":4},"end":{"line":24,"column":41}},"14":{"start":{"line":26,"column":4},"end":{"line":26,"column":54}},"15":{"start":{"line":30,"column":32},"end":{"line":37,"column":1}},"16":{"start":{"line":31,"column":2},"end":{"line":36,"column":3}},"17":{"start":{"line":32,"column":30},"end":{"line":32,"column":92}},"18":{"start":{"line":33,"column":4},"end":{"line":33,"column":51}},"19":{"start":{"line":35,"column":4},"end":{"line":35,"column":54}},"20":{"start":{"line":39,"column":30},"end":{"line":46,"column":1}},"21":{"start":{"line":40,"column":2},"end":{"line":45,"column":3}},"22":{"start":{"line":41,"column":4},"end":{"line":41,"column":55}},"23":{"start":{"line":42,"column":4},"end":{"line":42,"column":34}},"24":{"start":{"line":44,"column":4},"end":{"line":44,"column":54}}},"fnMap":{"0":{"name":"(anonymous_0)","decl":{"start":{"line":3,"column":28},"end":{"line":3,"column":29}},"loc":{"start":{"line":3,"column":48},"end":{"line":10,"column":1}},"line":3},"1":{"name":"(anonymous_1)","decl":{"start":{"line":12,"column":30},"end":{"line":12,"column":31}},"loc":{"start":{"line":12,"column":50},"end":{"line":19,"column":1}},"line":12},"2":{"name":"(anonymous_2)","decl":{"start":{"line":21,"column":29},"end":{"line":21,"column":30}},"loc":{"start":{"line":21,"column":49},"end":{"line":28,"column":1}},"line":21},"3":{"name":"(anonymous_3)","decl":{"start":{"line":30,"column":32},"end":{"line":30,"column":33}},"loc":{"start":{"line":30,"column":52},"end":{"line":37,"column":1}},"line":30},"4":{"name":"(anonymous_4)","decl":{"start":{"line":39,"column":30},"end":{"line":39,"column":31}},"loc":{"start":{"line":39,"column":50},"end":{"line":46,"column":1}},"line":39}},"branchMap":{},"s":{"0":12,"1":9,"2":9,"3":7,"4":2,"5":12,"6":1,"7":1,"8":1,"9":0,"10":12,"11":2,"12":2,"13":1,"14":1,"15":12,"16":1,"17":1,"18":1,"19":0,"20":12,"21":1,"22":1,"23":1,"24":0},"f":{"0":9,"1":1,"2":2,"3":1,"4":1},"b":{},"_coverageSchema":"1a1c01bbd47fc00a2c39e90264f33305004495a9","hash":"472102be4043c667b7700ebf5de5437400928947"}
,"C:\\Users\\frobd\\Documents\\isa\\plataforma-torneios-backend\\plataforma-torneio\\api\\controllers\\userController.js": {"path":"C:\\Users\\frobd\\Documents\\isa\\plataforma-torneios-backend\\plataforma-torneio\\api\\controllers\\userController.js","statementMap":{"0":{"start":{"line":3,"column":28},"end":{"line":10,"column":1}},"1":{"start":{"line":4,"column":2},"end":{"line":9,"column":3}},"2":{"start":{"line":5,"column":19},"end":{"line":5,"column":54}},"3":{"start":{"line":6,"column":4},"end":{"line":6,"column":77}},"4":{"start":{"line":8,"column":4},"end":{"line":8,"column":54}},"5":{"start":{"line":12,"column":28},"end":{"line":19,"column":1}},"6":{"start":{"line":13,"column":2},"end":{"line":18,"column":3}},"7":{"start":{"line":14,"column":20},"end":{"line":14,"column":79}},"8":{"start":{"line":15,"column":4},"end":{"line":15,"column":41}},"9":{"start":{"line":17,"column":4},"end":{"line":17,"column":54}},"10":{"start":{"line":21,"column":30},"end":{"line":28,"column":1}},"11":{"start":{"line":22,"column":2},"end":{"line":27,"column":3}},"12":{"start":{"line":23,"column":21},"end":{"line":23,"column":50}},"13":{"start":{"line":24,"column":4},"end":{"line":24,"column":52}},"14":{"start":{"line":26,"column":4},"end":{"line":26,"column":54}},"15":{"start":{"line":30,"column":30},"end":{"line":37,"column":1}},"16":{"start":{"line":31,"column":2},"end":{"line":36,"column":3}},"17":{"start":{"line":32,"column":20},"end":{"line":32,"column":70}},"18":{"start":{"line":33,"column":4},"end":{"line":33,"column":51}},"19":{"start":{"line":35,"column":4},"end":{"line":35,"column":54}},"20":{"start":{"line":39,"column":29},"end":{"line":46,"column":1}},"21":{"start":{"line":40,"column":2},"end":{"line":45,"column":3}},"22":{"start":{"line":41,"column":4},"end":{"line":41,"column":55}},"23":{"start":{"line":42,"column":4},"end":{"line":42,"column":34}},"24":{"start":{"line":44,"column":4},"end":{"line":44,"column":54}},"25":{"start":{"line":48,"column":35},"end":{"line":55,"column":1}},"26":{"start":{"line":49,"column":2},"end":{"line":54,"column":3}},"27":{"start":{"line":50,"column":22},"end":{"line":50,"column":67}},"28":{"start":{"line":51,"column":4},"end":{"line":51,"column":43}},"29":{"start":{"line":53,"column":4},"end":{"line":53,"column":54}},"30":{"start":{"line":57,"column":33},"end":{"line":64,"column":1}},"31":{"start":{"line":58,"column":2},"end":{"line":63,"column":3}},"32":{"start":{"line":59,"column":20},"end":{"line":59,"column":52}},"33":{"start":{"line":60,"column":4},"end":{"line":60,"column":41}},"34":{"start":{"line":62,"column":4},"end":{"line":62,"column":54}}},"fnMap":{"0":{"name":"(anonymous_0)","decl":{"start":{"line":3,"column":28},"end":{"line":3,"column":29}},"loc":{"start":{"line":3,"column":48},"end":{"line":10,"column":1}},"line":3},"1":{"name":"(anonymous_1)","decl":{"start":{"line":12,"column":28},"end":{"line":12,"column":29}},"loc":{"start":{"line":12,"column":48},"end":{"line":19,"column":1}},"line":12},"2":{"name":"(anonymous_2)","decl":{"start":{"line":21,"column":30},"end":{"line":21,"column":31}},"loc":{"start":{"line":21,"column":50},"end":{"line":28,"column":1}},"line":21},"3":{"name":"(anonymous_3)","decl":{"start":{"line":30,"column":30},"end":{"line":30,"column":31}},"loc":{"start":{"line":30,"column":50},"end":{"line":37,"column":1}},"line":30},"4":{"name":"(anonymous_4)","decl":{"start":{"line":39,"column":29},"end":{"line":39,"column":30}},"loc":{"start":{"line":39,"column":49},"end":{"line":46,"column":1}},"line":39},"5":{"name":"(anonymous_5)","decl":{"start":{"line":48,"column":35},"end":{"line":48,"column":36}},"loc":{"start":{"line":48,"column":55},"end":{"line":55,"column":1}},"line":48},"6":{"name":"(anonymous_6)","decl":{"start":{"line":57,"column":33},"end":{"line":57,"column":34}},"loc":{"start":{"line":57,"column":53},"end":{"line":64,"column":1}},"line":57}},"branchMap":{},"s":{"0":12,"1":22,"2":22,"3":17,"4":5,"5":12,"6":1,"7":1,"8":1,"9":0,"10":12,"11":0,"12":0,"13":0,"14":0,"15":12,"16":0,"17":0,"18":0,"19":0,"20":12,"21":1,"22":1,"23":1,"24":0,"25":12,"26":0,"27":0,"28":0,"29":0,"30":12,"31":0,"32":0,"33":0,"34":0},"f":{"0":22,"1":1,"2":0,"3":0,"4":1,"5":0,"6":0},"b":{},"_coverageSchema":"1a1c01bbd47fc00a2c39e90264f33305004495a9","hash":"843bec6a2811842d50398a860c6693e46ec4e8c3"}
,"C:\\Users\\frobd\\Documents\\isa\\plataforma-torneios-backend\\plataforma-torneio\\api\\middlewares\\authenticateToken.js": {"path":"C:\\Users\\frobd\\Documents\\isa\\plataforma-torneios-backend\\plataforma-torneio\\api\\middlewares\\authenticateToken.js","statementMap":{"0":{"start":{"line":4,"column":22},"end":{"line":4,"column":28}},"1":{"start":{"line":6,"column":33},"end":{"line":27,"column":1}},"2":{"start":{"line":7,"column":4},"end":{"line":26,"column":5}},"3":{"start":{"line":8,"column":22},"end":{"line":8,"column":50}},"4":{"start":{"line":9,"column":8},"end":{"line":11,"column":9}},"5":{"start":{"line":10,"column":12},"end":{"line":10,"column":74}},"6":{"start":{"line":12,"column":28},"end":{"line":12,"column":47}},"7":{"start":{"line":13,"column":28},"end":{"line":13,"column":86}},"8":{"start":{"line":14,"column":8},"end":{"line":16,"column":9}},"9":{"start":{"line":15,"column":12},"end":{"line":15,"column":69}},"10":{"start":{"line":17,"column":8},"end":{"line":23,"column":10}},"11":{"start":{"line":18,"column":12},"end":{"line":20,"column":13}},"12":{"start":{"line":19,"column":16},"end":{"line":19,"column":73}},"13":{"start":{"line":21,"column":12},"end":{"line":21,"column":31}},"14":{"start":{"line":22,"column":12},"end":{"line":22,"column":19}},"15":{"start":{"line":25,"column":8},"end":{"line":25,"column":51}}},"fnMap":{"0":{"name":"(anonymous_0)","decl":{"start":{"line":6,"column":33},"end":{"line":6,"column":34}},"loc":{"start":{"line":6,"column":59},"end":{"line":27,"column":1}},"line":6},"1":{"name":"(anonymous_1)","decl":{"start":{"line":17,"column":55},"end":{"line":17,"column":56}},"loc":{"start":{"line":17,"column":73},"end":{"line":23,"column":9}},"line":17}},"branchMap":{"0":{"loc":{"start":{"line":9,"column":8},"end":{"line":11,"column":9}},"type":"if","locations":[{"start":{"line":9,"column":8},"end":{"line":11,"column":9}},{"start":{},"end":{}}],"line":9},"1":{"loc":{"start":{"line":14,"column":8},"end":{"line":16,"column":9}},"type":"if","locations":[{"start":{"line":14,"column":8},"end":{"line":16,"column":9}},{"start":{},"end":{}}],"line":14},"2":{"loc":{"start":{"line":18,"column":12},"end":{"line":20,"column":13}},"type":"if","locations":[{"start":{"line":18,"column":12},"end":{"line":20,"column":13}},{"start":{},"end":{}}],"line":18}},"s":{"0":12,"1":12,"2":141,"3":141,"4":141,"5":17,"6":124,"7":124,"8":124,"9":0,"10":124,"11":124,"12":0,"13":124,"14":124,"15":0},"f":{"0":141,"1":124},"b":{"0":[17,124],"1":[0,124],"2":[0,124]},"_coverageSchema":"1a1c01bbd47fc00a2c39e90264f33305004495a9","hash":"d146465d37f3a48c4efed79f365121810f181340"}
,"C:\\Users\\frobd\\Documents\\isa\\plataforma-torneios-backend\\plataforma-torneio\\api\\middlewares\\checkAdmin.js": {"path":"C:\\Users\\frobd\\Documents\\isa\\plataforma-torneios-backend\\plataforma-torneio\\api\\middlewares\\checkAdmin.js","statementMap":{"0":{"start":{"line":3,"column":19},"end":{"line":24,"column":1}},"1":{"start":{"line":4,"column":21},"end":{"line":4,"column":49}},"2":{"start":{"line":5,"column":16},"end":{"line":5,"column":54}},"3":{"start":{"line":7,"column":2},"end":{"line":7,"column":77}},"4":{"start":{"line":7,"column":14},"end":{"line":7,"column":77}},"5":{"start":{"line":9,"column":2},"end":{"line":23,"column":3}},"6":{"start":{"line":10,"column":20},"end":{"line":10,"column":60}},"7":{"start":{"line":13,"column":4},"end":{"line":17,"column":5}},"8":{"start":{"line":14,"column":6},"end":{"line":16,"column":63}},"9":{"start":{"line":19,"column":4},"end":{"line":19,"column":26}},"10":{"start":{"line":20,"column":4},"end":{"line":20,"column":11}},"11":{"start":{"line":22,"column":4},"end":{"line":22,"column":62}}},"fnMap":{"0":{"name":"(anonymous_0)","decl":{"start":{"line":3,"column":19},"end":{"line":3,"column":20}},"loc":{"start":{"line":3,"column":39},"end":{"line":24,"column":1}},"line":3}},"branchMap":{"0":{"loc":{"start":{"line":5,"column":16},"end":{"line":5,"column":54}},"type":"binary-expr","locations":[{"start":{"line":5,"column":16},"end":{"line":5,"column":26}},{"start":{"line":5,"column":30},"end":{"line":5,"column":54}}],"line":5},"1":{"loc":{"start":{"line":7,"column":2},"end":{"line":7,"column":77}},"type":"if","locations":[{"start":{"line":7,"column":2},"end":{"line":7,"column":77}},{"start":{},"end":{}}],"line":7},"2":{"loc":{"start":{"line":13,"column":4},"end":{"line":17,"column":5}},"type":"if","locations":[{"start":{"line":13,"column":4},"end":{"line":17,"column":5}},{"start":{},"end":{}}],"line":13}},"s":{"0":12,"1":71,"2":71,"3":71,"4":0,"5":71,"6":71,"7":71,"8":8,"9":63,"10":63,"11":0},"f":{"0":71},"b":{"0":[71,71],"1":[0,71],"2":[8,63]},"_coverageSchema":"1a1c01bbd47fc00a2c39e90264f33305004495a9","hash":"d03bc9b3c839a912e6d353bc8072afe65019a309"}
,"C:\\Users\\frobd\\Documents\\isa\\plataforma-torneios-backend\\plataforma-torneio\\api\\middlewares\\rateLimiter.js": {"path":"C:\\Users\\frobd\\Documents\\isa\\plataforma-torneios-backend\\plataforma-torneio\\api\\middlewares\\rateLimiter.js","statementMap":{"0":{"start":{"line":3,"column":29},"end":{"line":3,"column":60}},"1":{"start":{"line":5,"column":27},"end":{"line":16,"column":30}},"2":{"start":{"line":16,"column":24},"end":{"line":16,"column":30}}},"fnMap":{"0":{"name":"(anonymous_0)","decl":{"start":{"line":16,"column":4},"end":{"line":16,"column":5}},"loc":{"start":{"line":16,"column":24},"end":{"line":16,"column":30}},"line":16}},"branchMap":{"0":{"loc":{"start":{"line":5,"column":27},"end":{"line":16,"column":30}},"type":"cond-expr","locations":[{"start":{"line":6,"column":4},"end":{"line":15,"column":6}},{"start":{"line":16,"column":4},"end":{"line":16,"column":30}}],"line":5}},"s":{"0":12,"1":12,"2":66},"f":{"0":66},"b":{"0":[0,12]},"_coverageSchema":"1a1c01bbd47fc00a2c39e90264f33305004495a9","hash":"6e13677c61e75cb0cba6d95a159bccf9e7e59399"}
,"C:\\Users\\frobd\\Documents\\isa\\plataforma-torneios-backend\\plataforma-torneio\\api\\models\\blacklist.js": {"path":"C:\\Users\\frobd\\Documents\\isa\\plataforma-torneios-backend\\plataforma-torneio\\api\\models\\blacklist.js","statementMap":{"0":{"start":{"line":2,"column":2},"end":{"line":12,"column":5}}},"fnMap":{"0":{"name":"(anonymous_0)","decl":{"start":{"line":1,"column":15},"end":{"line":1,"column":16}},"loc":{"start":{"line":1,"column":41},"end":{"line":13,"column":1}},"line":1}},"branchMap":{},"s":{"0":12},"f":{"0":12},"b":{},"_coverageSchema":"1a1c01bbd47fc00a2c39e90264f33305004495a9","hash":"523f35fe8f5f87136695d9eeadfbb67437670cfd"}
,"C:\\Users\\frobd\\Documents\\isa\\plataforma-torneios-backend\\plataforma-torneio\\api\\models\\equipe.js": {"path":"C:\\Users\\frobd\\Documents\\isa\\plataforma-torneios-backend\\plataforma-torneio\\api\\models\\equipe.js","statementMap":{"0":{"start":{"line":1,"column":23},"end":{"line":39,"column":1}},"1":{"start":{"line":2,"column":17},"end":{"line":28,"column":3}},"2":{"start":{"line":31,"column":2},"end":{"line":36,"column":4}},"3":{"start":{"line":32,"column":4},"end":{"line":35,"column":7}},"4":{"start":{"line":38,"column":2},"end":{"line":38,"column":16}}},"fnMap":{"0":{"name":"(anonymous_0)","decl":{"start":{"line":1,"column":23},"end":{"line":1,"column":24}},"loc":{"start":{"line":1,"column":53},"end":{"line":39,"column":1}},"line":1},"1":{"name":"(anonymous_1)","decl":{"start":{"line":31,"column":21},"end":{"line":31,"column":22}},"loc":{"start":{"line":31,"column":33},"end":{"line":36,"column":3}},"line":31}},"branchMap":{},"s":{"0":12,"1":12,"2":12,"3":0,"4":12},"f":{"0":12,"1":0},"b":{},"_coverageSchema":"1a1c01bbd47fc00a2c39e90264f33305004495a9","hash":"8012d04d6a6873b0b6a515adf8bec9ebba8aaeeb"}
,"C:\\Users\\frobd\\Documents\\isa\\plataforma-torneios-backend\\plataforma-torneio\\api\\models\\equipeUsuario.js": {"path":"C:\\Users\\frobd\\Documents\\isa\\plataforma-torneios-backend\\plataforma-torneio\\api\\models\\equipeUsuario.js","statementMap":{"0":{"start":{"line":1,"column":30},"end":{"line":57,"column":1}},"1":{"start":{"line":2,"column":24},"end":{"line":41,"column":4}},"2":{"start":{"line":44,"column":2},"end":{"line":54,"column":4}},"3":{"start":{"line":45,"column":4},"end":{"line":48,"column":7}},"4":{"start":{"line":50,"column":4},"end":{"line":53,"column":7}},"5":{"start":{"line":56,"column":2},"end":{"line":56,"column":23}}},"fnMap":{"0":{"name":"(anonymous_0)","decl":{"start":{"line":1,"column":30},"end":{"line":1,"column":31}},"loc":{"start":{"line":1,"column":60},"end":{"line":57,"column":1}},"line":1},"1":{"name":"(anonymous_1)","decl":{"start":{"line":44,"column":28},"end":{"line":44,"column":29}},"loc":{"start":{"line":44,"column":40},"end":{"line":54,"column":3}},"line":44}},"branchMap":{},"s":{"0":12,"1":12,"2":12,"3":0,"4":0,"5":12},"f":{"0":12,"1":0},"b":{},"_coverageSchema":"1a1c01bbd47fc00a2c39e90264f33305004495a9","hash":"b8154fed5261440f086ea26e51b7713bb279668b"}
,"C:\\Users\\frobd\\Documents\\isa\\plataforma-torneios-backend\\plataforma-torneio\\api\\models\\index.js": {"path":"C:\\Users\\frobd\\Documents\\isa\\plataforma-torneios-backend\\plataforma-torneio\\api\\models\\index.js","statementMap":{"0":{"start":{"line":15,"column":18},"end":{"line":23,"column":2}},"1":{"start":{"line":25,"column":16},"end":{"line":25,"column":39}},"2":{"start":{"line":26,"column":16},"end":{"line":26,"column":39}},"3":{"start":{"line":27,"column":18},"end":{"line":27,"column":43}},"4":{"start":{"line":28,"column":18},"end":{"line":28,"column":54}},"5":{"start":{"line":29,"column":15},"end":{"line":29,"column":55}},"6":{"start":{"line":30,"column":22},"end":{"line":30,"column":69}},"7":{"start":{"line":31,"column":16},"end":{"line":31,"column":57}},"8":{"start":{"line":32,"column":16},"end":{"line":32,"column":39}},"9":{"start":{"line":33,"column":23},"end":{"line":33,"column":64}},"10":{"start":{"line":36,"column":0},"end":{"line":41,"column":3}},"11":{"start":{"line":43,"column":0},"end":{"line":48,"column":3}},"12":{"start":{"line":50,"column":0},"end":{"line":50,"column":75}},"13":{"start":{"line":51,"column":0},"end":{"line":51,"column":78}},"14":{"start":{"line":53,"column":0},"end":{"line":56,"column":3}},"15":{"start":{"line":57,"column":0},"end":{"line":60,"column":3}},"16":{"start":{"line":62,"column":0},"end":{"line":66,"column":3}},"17":{"start":{"line":67,"column":0},"end":{"line":67,"column":59}},"18":{"start":{"line":69,"column":0},"end":{"line":69,"column":57}},"19":{"start":{"line":70,"column":0},"end":{"line":70,"column":55}},"20":{"start":{"line":74,"column":0},"end":{"line":77,"column":3}},"21":{"start":{"line":79,"column":0},"end":{"line":82,"column":3}},"22":{"start":{"line":86,"column":0},"end":{"line":88,"column":3}},"23":{"start":{"line":90,"column":0},"end":{"line":92,"column":3}},"24":{"start":{"line":94,"column":0},"end":{"line":97,"column":3}},"25":{"start":{"line":99,"column":0},"end":{"line":102,"column":3}},"26":{"start":{"line":104,"column":0},"end":{"line":107,"column":3}},"27":{"start":{"line":109,"column":0},"end":{"line":112,"column":3}}},"fnMap":{},"branchMap":{"0":{"loc":{"start":{"line":18,"column":18},"end":{"line":20,"column":3}},"type":"cond-expr","locations":[{"start":{"line":18,"column":52},"end":{"line":18,"column":54}},{"start":{"line":18,"column":57},"end":{"line":20,"column":3}}],"line":18}},"s":{"0":12,"1":12,"2":12,"3":12,"4":12,"5":12,"6":12,"7":12,"8":12,"9":12,"10":12,"11":12,"12":12,"13":12,"14":12,"15":12,"16":12,"17":12,"18":12,"19":12,"20":12,"21":12,"22":12,"23":12,"24":12,"25":12,"26":12,"27":12},"f":{},"b":{"0":[12,0]},"_coverageSchema":"1a1c01bbd47fc00a2c39e90264f33305004495a9","hash":"1e3ad7b38695e3f33deaf9ca30d6f16c415555b5"}
,"C:\\Users\\frobd\\Documents\\isa\\plataforma-torneios-backend\\plataforma-torneio\\api\\models\\inscricao.js": {"path":"C:\\Users\\frobd\\Documents\\isa\\plataforma-torneios-backend\\plataforma-torneio\\api\\models\\inscricao.js","statementMap":{"0":{"start":{"line":4,"column":20},"end":{"line":43,"column":3}},"1":{"start":{"line":45,"column":2},"end":{"line":45,"column":19}}},"fnMap":{"0":{"name":"(anonymous_0)","decl":{"start":{"line":3,"column":15},"end":{"line":3,"column":16}},"loc":{"start":{"line":3,"column":30},"end":{"line":46,"column":1}},"line":3}},"branchMap":{},"s":{"0":12,"1":12},"f":{"0":12},"b":{},"_coverageSchema":"1a1c01bbd47fc00a2c39e90264f33305004495a9","hash":"57cce1efa1fda858294324e1da8dd999985c98e6"}
,"C:\\Users\\frobd\\Documents\\isa\\plataforma-torneios-backend\\plataforma-torneio\\api\\models\\partida.js": {"path":"C:\\Users\\frobd\\Documents\\isa\\plataforma-torneios-backend\\plataforma-torneio\\api\\models\\partida.js","statementMap":{"0":{"start":{"line":4,"column":2},"end":{"line":40,"column":5}}},"fnMap":{"0":{"name":"(anonymous_0)","decl":{"start":{"line":3,"column":15},"end":{"line":3,"column":16}},"loc":{"start":{"line":3,"column":30},"end":{"line":41,"column":1}},"line":3}},"branchMap":{},"s":{"0":12},"f":{"0":12},"b":{},"_coverageSchema":"1a1c01bbd47fc00a2c39e90264f33305004495a9","hash":"db58b6a2f06d5fa8e2a64423bbf0639a9b5cbd95"}
,"C:\\Users\\frobd\\Documents\\isa\\plataforma-torneios-backend\\plataforma-torneio\\api\\models\\partidaUsuario.js": {"path":"C:\\Users\\frobd\\Documents\\isa\\plataforma-torneios-backend\\plataforma-torneio\\api\\models\\partidaUsuario.js","statementMap":{"0":{"start":{"line":4,"column":2},"end":{"line":22,"column":5}}},"fnMap":{"0":{"name":"(anonymous_0)","decl":{"start":{"line":3,"column":15},"end":{"line":3,"column":16}},"loc":{"start":{"line":3,"column":30},"end":{"line":23,"column":1}},"line":3}},"branchMap":{},"s":{"0":12},"f":{"0":12},"b":{},"_coverageSchema":"1a1c01bbd47fc00a2c39e90264f33305004495a9","hash":"cb4817dcb9668e9657ae75083d26242e53147502"}
,"C:\\Users\\frobd\\Documents\\isa\\plataforma-torneios-backend\\plataforma-torneio\\api\\models\\ranking.js": {"path":"C:\\Users\\frobd\\Documents\\isa\\plataforma-torneios-backend\\plataforma-torneio\\api\\models\\ranking.js","statementMap":{"0":{"start":{"line":2,"column":24},"end":{"line":2,"column":43}},"1":{"start":{"line":4,"column":18},"end":{"line":48,"column":3}},"2":{"start":{"line":50,"column":2},"end":{"line":50,"column":17}}},"fnMap":{"0":{"name":"(anonymous_0)","decl":{"start":{"line":1,"column":15},"end":{"line":1,"column":16}},"loc":{"start":{"line":1,"column":30},"end":{"line":51,"column":1}},"line":1}},"branchMap":{},"s":{"0":12,"1":12,"2":12},"f":{"0":12},"b":{},"_coverageSchema":"1a1c01bbd47fc00a2c39e90264f33305004495a9","hash":"31e14f33b63be1613a871c2cbbc13b0128ee8b17"}
,"C:\\Users\\frobd\\Documents\\isa\\plataforma-torneios-backend\\plataforma-torneio\\api\\models\\torneio.js": {"path":"C:\\Users\\frobd\\Documents\\isa\\plataforma-torneios-backend\\plataforma-torneio\\api\\models\\torneio.js","statementMap":{"0":{"start":{"line":4,"column":4},"end":{"line":33,"column":6}}},"fnMap":{"0":{"name":"(anonymous_0)","decl":{"start":{"line":3,"column":15},"end":{"line":3,"column":16}},"loc":{"start":{"line":3,"column":30},"end":{"line":34,"column":1}},"line":3}},"branchMap":{},"s":{"0":12},"f":{"0":12},"b":{},"_coverageSchema":"1a1c01bbd47fc00a2c39e90264f33305004495a9","hash":"7f3422831e45764b16db816dcd4ca3eb7ad7efcf"}
,"C:\\Users\\frobd\\Documents\\isa\\plataforma-torneios-backend\\plataforma-torneio\\api\\models\\user.js": {"path":"C:\\Users\\frobd\\Documents\\isa\\plataforma-torneios-backend\\plataforma-torneio\\api\\models\\user.js","statementMap":{"0":{"start":{"line":5,"column":18},"end":{"line":36,"column":4}},"1":{"start":{"line":37,"column":0},"end":{"line":42,"column":3}},"2":{"start":{"line":38,"column":2},"end":{"line":38,"column":55}},"3":{"start":{"line":39,"column":2},"end":{"line":41,"column":3}},"4":{"start":{"line":40,"column":4},"end":{"line":40,"column":26}},"5":{"start":{"line":44,"column":0},"end":{"line":48,"column":3}},"6":{"start":{"line":45,"column":2},"end":{"line":47,"column":3}},"7":{"start":{"line":46,"column":4},"end":{"line":46,"column":57}},"8":{"start":{"line":49,"column":2},"end":{"line":49,"column":17}}},"fnMap":{"0":{"name":"(anonymous_0)","decl":{"start":{"line":4,"column":15},"end":{"line":4,"column":16}},"loc":{"start":{"line":4,"column":30},"end":{"line":50,"column":1}},"line":4},"1":{"name":"(anonymous_1)","decl":{"start":{"line":37,"column":21},"end":{"line":37,"column":22}},"loc":{"start":{"line":37,"column":40},"end":{"line":42,"column":1}},"line":37},"2":{"name":"(anonymous_2)","decl":{"start":{"line":44,"column":21},"end":{"line":44,"column":22}},"loc":{"start":{"line":44,"column":40},"end":{"line":48,"column":1}},"line":44}},"branchMap":{"0":{"loc":{"start":{"line":39,"column":2},"end":{"line":41,"column":3}},"type":"if","locations":[{"start":{"line":39,"column":2},"end":{"line":41,"column":3}},{"start":{},"end":{}}],"line":39},"1":{"loc":{"start":{"line":45,"column":2},"end":{"line":47,"column":3}},"type":"if","locations":[{"start":{"line":45,"column":2},"end":{"line":47,"column":3}},{"start":{},"end":{}}],"line":45}},"s":{"0":12,"1":12,"2":26,"3":26,"4":0,"5":12,"6":2,"7":0,"8":12},"f":{"0":12,"1":26,"2":2},"b":{"0":[0,26],"1":[0,2]},"_coverageSchema":"1a1c01bbd47fc00a2c39e90264f33305004495a9","hash":"32f843939fff1a35393d51dc010a9d81bc286d2d"}
,"C:\\Users\\frobd\\Documents\\isa\\plataforma-torneios-backend\\plataforma-torneio\\api\\routes\\adminRoute.js": {"path":"C:\\Users\\frobd\\Documents\\isa\\plataforma-torneios-backend\\plataforma-torneio\\api\\routes\\adminRoute.js","statementMap":{"0":{"start":{"line":12,"column":15},"end":{"line":12,"column":23}},"1":{"start":{"line":14,"column":0},"end":{"line":14,"column":40}},"2":{"start":{"line":15,"column":0},"end":{"line":15,"column":34}},"3":{"start":{"line":16,"column":0},"end":{"line":16,"column":59}},"4":{"start":{"line":17,"column":0},"end":{"line":17,"column":62}},"5":{"start":{"line":18,"column":0},"end":{"line":18,"column":43}},"6":{"start":{"line":19,"column":0},"end":{"line":19,"column":42}}},"fnMap":{},"branchMap":{},"s":{"0":12,"1":12,"2":12,"3":12,"4":12,"5":12,"6":12},"f":{},"b":{},"_coverageSchema":"1a1c01bbd47fc00a2c39e90264f33305004495a9","hash":"79a17dee15a26c86af8857e4a61de5b1e11b1896"}
,"C:\\Users\\frobd\\Documents\\isa\\plataforma-torneios-backend\\plataforma-torneio\\api\\routes\\equipeRoute.js": {"path":"C:\\Users\\frobd\\Documents\\isa\\plataforma-torneios-backend\\plataforma-torneio\\api\\routes\\equipeRoute.js","statementMap":{"0":{"start":{"line":5,"column":15},"end":{"line":5,"column":23}},"1":{"start":{"line":8,"column":0},"end":{"line":8,"column":48}},"2":{"start":{"line":9,"column":0},"end":{"line":9,"column":51}},"3":{"start":{"line":12,"column":0},"end":{"line":12,"column":67}},"4":{"start":{"line":13,"column":0},"end":{"line":13,"column":69}},"5":{"start":{"line":14,"column":0},"end":{"line":14,"column":72}}},"fnMap":{},"branchMap":{},"s":{"0":12,"1":12,"2":12,"3":12,"4":12,"5":12},"f":{},"b":{},"_coverageSchema":"1a1c01bbd47fc00a2c39e90264f33305004495a9","hash":"49e515f8d6f5e9437fd232a012b9d463241b0a08"}
,"C:\\Users\\frobd\\Documents\\isa\\plataforma-torneios-backend\\plataforma-torneio\\api\\routes\\equipeUsuario.js": {"path":"C:\\Users\\frobd\\Documents\\isa\\plataforma-torneios-backend\\plataforma-torneio\\api\\routes\\equipeUsuario.js","statementMap":{"0":{"start":{"line":5,"column":15},"end":{"line":5,"column":23}},"1":{"start":{"line":8,"column":0},"end":{"line":8,"column":62}},"2":{"start":{"line":10,"column":0},"end":{"line":10,"column":95}},"3":{"start":{"line":12,"column":0},"end":{"line":16,"column":2}},"4":{"start":{"line":18,"column":0},"end":{"line":23,"column":2}},"5":{"start":{"line":25,"column":0},"end":{"line":30,"column":2}}},"fnMap":{},"branchMap":{},"s":{"0":0,"1":0,"2":0,"3":0,"4":0,"5":0},"f":{},"b":{}}
,"C:\\Users\\frobd\\Documents\\isa\\plataforma-torneios-backend\\plataforma-torneio\\api\\routes\\equipeUsuarioRoute.js": {"path":"C:\\Users\\frobd\\Documents\\isa\\plataforma-torneios-backend\\plataforma-torneio\\api\\routes\\equipeUsuarioRoute.js","statementMap":{"0":{"start":{"line":6,"column":15},"end":{"line":6,"column":23}},"1":{"start":{"line":8,"column":0},"end":{"line":8,"column":62}},"2":{"start":{"line":10,"column":0},"end":{"line":10,"column":97}},"3":{"start":{"line":12,"column":0},"end":{"line":16,"column":2}},"4":{"start":{"line":18,"column":0},"end":{"line":22,"column":2}},"5":{"start":{"line":24,"column":0},"end":{"line":28,"column":2}}},"fnMap":{},"branchMap":{},"s":{"0":12,"1":12,"2":12,"3":12,"4":12,"5":12},"f":{},"b":{},"_coverageSchema":"1a1c01bbd47fc00a2c39e90264f33305004495a9","hash":"6c1097402b76ebcc7382032b6a7967bb32f9e517"}
,"C:\\Users\\frobd\\Documents\\isa\\plataforma-torneios-backend\\plataforma-torneio\\api\\routes\\index.js": {"path":"C:\\Users\\frobd\\Documents\\isa\\plataforma-torneios-backend\\plataforma-torneio\\api\\routes\\index.js","statementMap":{"0":{"start":{"line":13,"column":15},"end":{"line":13,"column":23}},"1":{"start":{"line":15,"column":0},"end":{"line":15,"column":32}},"2":{"start":{"line":16,"column":0},"end":{"line":16,"column":37}},"3":{"start":{"line":17,"column":0},"end":{"line":17,"column":42}},"4":{"start":{"line":18,"column":0},"end":{"line":18,"column":35}},"5":{"start":{"line":19,"column":0},"end":{"line":19,"column":50}},"6":{"start":{"line":20,"column":0},"end":{"line":20,"column":33}},"7":{"start":{"line":21,"column":0},"end":{"line":21,"column":37}},"8":{"start":{"line":22,"column":0},"end":{"line":22,"column":38}},"9":{"start":{"line":23,"column":0},"end":{"line":23,"column":53}}},"fnMap":{},"branchMap":{},"s":{"0":12,"1":12,"2":12,"3":12,"4":12,"5":12,"6":12,"7":12,"8":12,"9":12},"f":{},"b":{},"_coverageSchema":"1a1c01bbd47fc00a2c39e90264f33305004495a9","hash":"6eac325ffb7a929bf2a7bcc8f36448d5041bc4a5"}
,"C:\\Users\\frobd\\Documents\\isa\\plataforma-torneios-backend\\plataforma-torneio\\api\\routes\\inscricaoRoute.js": {"path":"C:\\Users\\frobd\\Documents\\isa\\plataforma-torneios-backend\\plataforma-torneio\\api\\routes\\inscricaoRoute.js","statementMap":{"0":{"start":{"line":12,"column":15},"end":{"line":12,"column":23}},"1":{"start":{"line":15,"column":0},"end":{"line":15,"column":53}},"2":{"start":{"line":18,"column":0},"end":{"line":18,"column":34}},"3":{"start":{"line":21,"column":0},"end":{"line":21,"column":37}},"4":{"start":{"line":24,"column":0},"end":{"line":24,"column":67}},"5":{"start":{"line":27,"column":0},"end":{"line":27,"column":70}}},"fnMap":{},"branchMap":{},"s":{"0":12,"1":12,"2":12,"3":12,"4":12,"5":12},"f":{},"b":{},"_coverageSchema":"1a1c01bbd47fc00a2c39e90264f33305004495a9","hash":"89529b3cb67cf4dcf0aa74646438d207af7e3ed4"}
,"C:\\Users\\frobd\\Documents\\isa\\plataforma-torneios-backend\\plataforma-torneio\\api\\routes\\partidaRoute.js": {"path":"C:\\Users\\frobd\\Documents\\isa\\plataforma-torneios-backend\\plataforma-torneio\\api\\routes\\partidaRoute.js","statementMap":{"0":{"start":{"line":18,"column":15},"end":{"line":18,"column":23}},"1":{"start":{"line":20,"column":0},"end":{"line":20,"column":75}},"2":{"start":{"line":21,"column":0},"end":{"line":21,"column":51}},"3":{"start":{"line":22,"column":0},"end":{"line":22,"column":61}},"4":{"start":{"line":23,"column":0},"end":{"line":23,"column":93}},"5":{"start":{"line":24,"column":0},"end":{"line":24,"column":97}},"6":{"start":{"line":25,"column":0},"end":{"line":25,"column":90}},"7":{"start":{"line":26,"column":0},"end":{"line":26,"column":90}},"8":{"start":{"line":27,"column":0},"end":{"line":27,"column":103}},"9":{"start":{"line":28,"column":0},"end":{"line":28,"column":99}},"10":{"start":{"line":29,"column":0},"end":{"line":29,"column":94}}},"fnMap":{},"branchMap":{},"s":{"0":12,"1":12,"2":12,"3":12,"4":12,"5":12,"6":12,"7":12,"8":12,"9":12,"10":12},"f":{},"b":{},"_coverageSchema":"1a1c01bbd47fc00a2c39e90264f33305004495a9","hash":"433ed6f8e5f8c90c21d6fcadc92c6b9c9d1505b5"}
,"C:\\Users\\frobd\\Documents\\isa\\plataforma-torneios-backend\\plataforma-torneio\\api\\routes\\partidaUsuarioRoute.js": {"path":"C:\\Users\\frobd\\Documents\\isa\\plataforma-torneios-backend\\plataforma-torneio\\api\\routes\\partidaUsuarioRoute.js","statementMap":{"0":{"start":{"line":15,"column":15},"end":{"line":15,"column":23}},"1":{"start":{"line":17,"column":0},"end":{"line":17,"column":82}},"2":{"start":{"line":18,"column":0},"end":{"line":18,"column":58}},"3":{"start":{"line":19,"column":0},"end":{"line":19,"column":76}},"4":{"start":{"line":20,"column":0},"end":{"line":20,"column":108}},"5":{"start":{"line":21,"column":0},"end":{"line":21,"column":112}},"6":{"start":{"line":23,"column":0},"end":{"line":23,"column":98}},"7":{"start":{"line":24,"column":0},"end":{"line":24,"column":109}}},"fnMap":{},"branchMap":{},"s":{"0":12,"1":12,"2":12,"3":12,"4":12,"5":12,"6":12,"7":12},"f":{},"b":{},"_coverageSchema":"1a1c01bbd47fc00a2c39e90264f33305004495a9","hash":"23801d1a5291a1b6e70efc1942fe93c4b50e5bbb"}
,"C:\\Users\\frobd\\Documents\\isa\\plataforma-torneios-backend\\plataforma-torneio\\api\\routes\\rankingRoute.js": {"path":"C:\\Users\\frobd\\Documents\\isa\\plataforma-torneios-backend\\plataforma-torneio\\api\\routes\\rankingRoute.js","statementMap":{"0":{"start":{"line":14,"column":15},"end":{"line":14,"column":23}},"1":{"start":{"line":17,"column":0},"end":{"line":17,"column":73}},"2":{"start":{"line":18,"column":0},"end":{"line":18,"column":89}},"3":{"start":{"line":19,"column":0},"end":{"line":19,"column":82}},"4":{"start":{"line":22,"column":0},"end":{"line":22,"column":77}},"5":{"start":{"line":23,"column":0},"end":{"line":23,"column":77}},"6":{"start":{"line":24,"column":0},"end":{"line":24,"column":92}}},"fnMap":{},"branchMap":{},"s":{"0":12,"1":12,"2":12,"3":12,"4":12,"5":12,"6":12},"f":{},"b":{},"_coverageSchema":"1a1c01bbd47fc00a2c39e90264f33305004495a9","hash":"8b454f9be77e3ef98ee0a8f0bd370191fb982c04"}
,"C:\\Users\\frobd\\Documents\\isa\\plataforma-torneios-backend\\plataforma-torneio\\api\\routes\\torneioRoute.js": {"path":"C:\\Users\\frobd\\Documents\\isa\\plataforma-torneios-backend\\plataforma-torneio\\api\\routes\\torneioRoute.js","statementMap":{"0":{"start":{"line":12,"column":15},"end":{"line":12,"column":23}},"1":{"start":{"line":14,"column":0},"end":{"line":14,"column":62}},"2":{"start":{"line":15,"column":0},"end":{"line":15,"column":51}},"3":{"start":{"line":16,"column":0},"end":{"line":16,"column":61}},"4":{"start":{"line":17,"column":0},"end":{"line":17,"column":78}},"5":{"start":{"line":18,"column":0},"end":{"line":18,"column":77}}},"fnMap":{},"branchMap":{},"s":{"0":12,"1":12,"2":12,"3":12,"4":12,"5":12},"f":{},"b":{},"_coverageSchema":"1a1c01bbd47fc00a2c39e90264f33305004495a9","hash":"80c3f42f3f18acac7656751134e661ea814cb089"}
,"C:\\Users\\frobd\\Documents\\isa\\plataforma-torneios-backend\\plataforma-torneio\\api\\routes\\userRoute.js": {"path":"C:\\Users\\frobd\\Documents\\isa\\plataforma-torneios-backend\\plataforma-torneio\\api\\routes\\userRoute.js","statementMap":{"0":{"start":{"line":7,"column":15},"end":{"line":7,"column":23}},"1":{"start":{"line":10,"column":0},"end":{"line":10,"column":42}},"2":{"start":{"line":11,"column":0},"end":{"line":11,"column":50}},"3":{"start":{"line":12,"column":0},"end":{"line":12,"column":65}},"4":{"start":{"line":13,"column":0},"end":{"line":13,"column":61}},"5":{"start":{"line":14,"column":0},"end":{"line":14,"column":62}},"6":{"start":{"line":15,"column":0},"end":{"line":15,"column":80}},"7":{"start":{"line":16,"column":0},"end":{"line":16,"column":84}},"8":{"start":{"line":17,"column":0},"end":{"line":17,"column":51}},"9":{"start":{"line":18,"column":0},"end":{"line":18,"column":50}}},"fnMap":{},"branchMap":{},"s":{"0":12,"1":12,"2":12,"3":12,"4":12,"5":12,"6":12,"7":12,"8":12,"9":12},"f":{},"b":{},"_coverageSchema":"1a1c01bbd47fc00a2c39e90264f33305004495a9","hash":"a76efe8129123572c3836862811cda426c6d0aad"}
,"C:\\Users\\frobd\\Documents\\isa\\plataforma-torneios-backend\\plataforma-torneio\\api\\services\\adminService.js": {"path":"C:\\Users\\frobd\\Documents\\isa\\plataforma-torneios-backend\\plataforma-torneio\\api\\services\\adminService.js","statementMap":{"0":{"start":{"line":3,"column":20},"end":{"line":3,"column":26}},"1":{"start":{"line":5,"column":34},"end":{"line":39,"column":1}},"2":{"start":{"line":7,"column":44},"end":{"line":7,"column":49}},"3":{"start":{"line":11,"column":2},"end":{"line":15,"column":3}},"4":{"start":{"line":12,"column":4},"end":{"line":14,"column":6}},"5":{"start":{"line":18,"column":27},"end":{"line":18,"column":70}},"6":{"start":{"line":19,"column":2},"end":{"line":21,"column":3}},"7":{"start":{"line":20,"column":4},"end":{"line":20,"column":45}},"8":{"start":{"line":24,"column":20},"end":{"line":30,"column":4}},"9":{"start":{"line":33,"column":2},"end":{"line":38,"column":4}},"10":{"start":{"line":41,"column":34},"end":{"line":63,"column":1}},"11":{"start":{"line":42,"column":16},"end":{"line":42,"column":42}},"12":{"start":{"line":43,"column":2},"end":{"line":45,"column":3}},"13":{"start":{"line":44,"column":4},"end":{"line":44,"column":53}},"14":{"start":{"line":49,"column":2},"end":{"line":51,"column":3}},"15":{"start":{"line":50,"column":4},"end":{"line":50,"column":53}},"16":{"start":{"line":54,"column":2},"end":{"line":54,"column":28}},"17":{"start":{"line":57,"column":2},"end":{"line":62,"column":4}},"18":{"start":{"line":66,"column":34},"end":{"line":74,"column":1}},"19":{"start":{"line":67,"column":16},"end":{"line":67,"column":42}},"20":{"start":{"line":68,"column":2},"end":{"line":70,"column":3}},"21":{"start":{"line":69,"column":4},"end":{"line":69,"column":53}},"22":{"start":{"line":72,"column":2},"end":{"line":72,"column":24}},"23":{"start":{"line":73,"column":2},"end":{"line":73,"column":60}},"24":{"start":{"line":76,"column":35},"end":{"line":90,"column":1}},"25":{"start":{"line":77,"column":16},"end":{"line":77,"column":50}},"26":{"start":{"line":79,"column":2},"end":{"line":81,"column":3}},"27":{"start":{"line":80,"column":4},"end":{"line":80,"column":53}},"28":{"start":{"line":83,"column":2},"end":{"line":89,"column":4}}},"fnMap":{"0":{"name":"(anonymous_0)","decl":{"start":{"line":5,"column":34},"end":{"line":5,"column":35}},"loc":{"start":{"line":5,"column":51},"end":{"line":39,"column":1}},"line":5},"1":{"name":"(anonymous_1)","decl":{"start":{"line":41,"column":34},"end":{"line":41,"column":35}},"loc":{"start":{"line":41,"column":55},"end":{"line":63,"column":1}},"line":41},"2":{"name":"(anonymous_2)","decl":{"start":{"line":66,"column":34},"end":{"line":66,"column":35}},"loc":{"start":{"line":66,"column":48},"end":{"line":74,"column":1}},"line":66},"3":{"name":"(anonymous_3)","decl":{"start":{"line":76,"column":35},"end":{"line":76,"column":36}},"loc":{"start":{"line":76,"column":57},"end":{"line":90,"column":1}},"line":76}},"branchMap":{"0":{"loc":{"start":{"line":11,"column":2},"end":{"line":15,"column":3}},"type":"if","locations":[{"start":{"line":11,"column":2},"end":{"line":15,"column":3}},{"start":{},"end":{}}],"line":11},"1":{"loc":{"start":{"line":19,"column":2},"end":{"line":21,"column":3}},"type":"if","locations":[{"start":{"line":19,"column":2},"end":{"line":21,"column":3}},{"start":{},"end":{}}],"line":19},"2":{"loc":{"start":{"line":43,"column":2},"end":{"line":45,"column":3}},"type":"if","locations":[{"start":{"line":43,"column":2},"end":{"line":45,"column":3}},{"start":{},"end":{}}],"line":43},"3":{"loc":{"start":{"line":49,"column":2},"end":{"line":51,"column":3}},"type":"if","locations":[{"start":{"line":49,"column":2},"end":{"line":51,"column":3}},{"start":{},"end":{}}],"line":49},"4":{"loc":{"start":{"line":68,"column":2},"end":{"line":70,"column":3}},"type":"if","locations":[{"start":{"line":68,"column":2},"end":{"line":70,"column":3}},{"start":{},"end":{}}],"line":68},"5":{"loc":{"start":{"line":79,"column":2},"end":{"line":81,"column":3}},"type":"if","locations":[{"start":{"line":79,"column":2},"end":{"line":81,"column":3}},{"start":{},"end":{}}],"line":79}},"s":{"0":12,"1":12,"2":12,"3":12,"4":2,"5":10,"6":10,"7":1,"8":9,"9":9,"10":12,"11":1,"12":1,"13":0,"14":1,"15":0,"16":1,"17":1,"18":12,"19":1,"20":1,"21":0,"22":1,"23":1,"24":12,"25":0,"26":0,"27":0,"28":0},"f":{"0":12,"1":1,"2":1,"3":0},"b":{"0":[2,10],"1":[1,9],"2":[0,1],"3":[0,1],"4":[0,1],"5":[0,0]},"_coverageSchema":"1a1c01bbd47fc00a2c39e90264f33305004495a9","hash":"c11172318208fd69a9465db7dafb98fc2b1a4e38"}
,"C:\\Users\\frobd\\Documents\\isa\\plataforma-torneios-backend\\plataforma-torneio\\api\\services\\authService.js": {"path":"C:\\Users\\frobd\\Documents\\isa\\plataforma-torneios-backend\\plataforma-torneio\\api\\services\\authService.js","statementMap":{"0":{"start":{"line":2,"column":31},"end":{"line":2,"column":37}},"1":{"start":{"line":6,"column":28},"end":{"line":21,"column":1}},"2":{"start":{"line":7,"column":18},"end":{"line":7,"column":61}},"3":{"start":{"line":8,"column":2},"end":{"line":8,"column":62}},"4":{"start":{"line":8,"column":16},"end":{"line":8,"column":62}},"5":{"start":{"line":10,"column":16},"end":{"line":10,"column":58}},"6":{"start":{"line":12,"column":2},"end":{"line":12,"column":60}},"7":{"start":{"line":12,"column":14},"end":{"line":12,"column":60}},"8":{"start":{"line":14,"column":16},"end":{"line":18,"column":3}},"9":{"start":{"line":20,"column":2},"end":{"line":20,"column":15}},"10":{"start":{"line":23,"column":29},"end":{"line":27,"column":1}},"11":{"start":{"line":24,"column":18},"end":{"line":24,"column":35}},"12":{"start":{"line":25,"column":2},"end":{"line":25,"column":77}},"13":{"start":{"line":26,"column":2},"end":{"line":26,"column":38}}},"fnMap":{"0":{"name":"(anonymous_0)","decl":{"start":{"line":6,"column":28},"end":{"line":6,"column":29}},"loc":{"start":{"line":6,"column":52},"end":{"line":21,"column":1}},"line":6},"1":{"name":"(anonymous_1)","decl":{"start":{"line":23,"column":29},"end":{"line":23,"column":30}},"loc":{"start":{"line":23,"column":46},"end":{"line":27,"column":1}},"line":23}},"branchMap":{"0":{"loc":{"start":{"line":8,"column":2},"end":{"line":8,"column":62}},"type":"if","locations":[{"start":{"line":8,"column":2},"end":{"line":8,"column":62}},{"start":{},"end":{}}],"line":8},"1":{"loc":{"start":{"line":12,"column":2},"end":{"line":12,"column":60}},"type":"if","locations":[{"start":{"line":12,"column":2},"end":{"line":12,"column":60}},{"start":{},"end":{}}],"line":12}},"s":{"0":12,"1":12,"2":13,"3":13,"4":2,"5":11,"6":11,"7":1,"8":10,"9":10,"10":12,"11":2,"12":2,"13":2},"f":{"0":13,"1":2},"b":{"0":[2,11],"1":[1,10]},"_coverageSchema":"1a1c01bbd47fc00a2c39e90264f33305004495a9","hash":"69d2bab301be6809123b703824f7c12b5248082a"}
,"C:\\Users\\frobd\\Documents\\isa\\plataforma-torneios-backend\\plataforma-torneio\\api\\services\\equipeService.js": {"path":"C:\\Users\\frobd\\Documents\\isa\\plataforma-torneios-backend\\plataforma-torneio\\api\\services\\equipeService.js","statementMap":{"0":{"start":{"line":3,"column":22},"end":{"line":54,"column":1}},"1":{"start":{"line":5,"column":4},"end":{"line":10,"column":5}},"2":{"start":{"line":6,"column":25},"end":{"line":6,"column":57}},"3":{"start":{"line":7,"column":6},"end":{"line":7,"column":24}},"4":{"start":{"line":9,"column":6},"end":{"line":9,"column":64}},"5":{"start":{"line":14,"column":4},"end":{"line":18,"column":5}},"6":{"start":{"line":15,"column":6},"end":{"line":15,"column":43}},"7":{"start":{"line":17,"column":6},"end":{"line":17,"column":66}},"8":{"start":{"line":22,"column":4},"end":{"line":28,"column":5}},"9":{"start":{"line":23,"column":21},"end":{"line":23,"column":53}},"10":{"start":{"line":24,"column":6},"end":{"line":24,"column":60}},"11":{"start":{"line":24,"column":19},"end":{"line":24,"column":60}},"12":{"start":{"line":25,"column":6},"end":{"line":25,"column":20}},"13":{"start":{"line":27,"column":6},"end":{"line":27,"column":37}},"14":{"start":{"line":32,"column":4},"end":{"line":40,"column":5}},"15":{"start":{"line":33,"column":21},"end":{"line":33,"column":53}},"16":{"start":{"line":34,"column":6},"end":{"line":34,"column":77}},"17":{"start":{"line":34,"column":19},"end":{"line":34,"column":77}},"18":{"start":{"line":36,"column":6},"end":{"line":36,"column":32}},"19":{"start":{"line":37,"column":6},"end":{"line":37,"column":20}},"20":{"start":{"line":39,"column":6},"end":{"line":39,"column":37}},"21":{"start":{"line":44,"column":4},"end":{"line":52,"column":5}},"22":{"start":{"line":45,"column":21},"end":{"line":45,"column":53}},"23":{"start":{"line":46,"column":6},"end":{"line":46,"column":74}},"24":{"start":{"line":46,"column":19},"end":{"line":46,"column":74}},"25":{"start":{"line":48,"column":6},"end":{"line":48,"column":29}},"26":{"start":{"line":49,"column":6},"end":{"line":49,"column":56}},"27":{"start":{"line":51,"column":6},"end":{"line":51,"column":37}}},"fnMap":{"0":{"name":"(anonymous_0)","decl":{"start":{"line":4,"column":10},"end":{"line":4,"column":11}},"loc":{"start":{"line":4,"column":26},"end":{"line":11,"column":3}},"line":4},"1":{"name":"(anonymous_1)","decl":{"start":{"line":13,"column":10},"end":{"line":13,"column":11}},"loc":{"start":{"line":13,"column":22},"end":{"line":19,"column":3}},"line":13},"2":{"name":"(anonymous_2)","decl":{"start":{"line":21,"column":11},"end":{"line":21,"column":12}},"loc":{"start":{"line":21,"column":25},"end":{"line":29,"column":3}},"line":21},"3":{"name":"(anonymous_3)","decl":{"start":{"line":31,"column":10},"end":{"line":31,"column":11}},"loc":{"start":{"line":31,"column":30},"end":{"line":41,"column":3}},"line":31},"4":{"na
[...]
7}},"8":{"start":{"line":52,"column":25},"end":{"line":55,"column":1}},"9":{"start":{"line":53,"column":2},"end":{"line":53,"column":78}},"10":{"start":{"line":58,"column":23},"end":{"line":69,"column":1}},"11":{"start":{"line":59,"column":18},"end":{"line":61,"column":26}},"12":{"start":{"line":61,"column":20},"end":{"line":61,"column":25}},"13":{"start":{"line":63,"column":2},"end":{"line":67,"column":3}},"14":{"start":{"line":64,"column":4},"end":{"line":66,"column":5}},"15":{"start":{"line":65,"column":6},"end":{"line":65,"column":30}},"16":{"start":{"line":68,"column":2},"end":{"line":68,"column":21}},"17":{"start":{"line":72,"column":32},"end":{"line":81,"column":1}},"18":{"start":{"line":73,"column":18},"end":{"line":73,"column":40}},"19":{"start":{"line":75,"column":2},"end":{"line":78,"column":4}},"20":{"start":{"line":80,"column":2},"end":{"line":80,"column":17}},"21":{"start":{"line":84,"column":44},"end":{"line":107,"column":1}},"22":{"start":{"line":85,"column":18},"end":{"line":87,"column":4}},"23":{"start":{"line":89,"column":2},"end":{"line":91,"column":3}},"24":{"start":{"line":90,"column":4},"end":{"line":90,"column":57}},"25":{"start":{"line":94,"column":2},"end":{"line":98,"column":5}},"26":{"start":{"line":101,"column":2},"end":{"line":101,"column":36}},"27":{"start":{"line":104,"column":2},"end":{"line":104,"column":47}},"28":{"start":{"line":106,"column":2},"end":{"line":106,"column":17}},"29":{"start":{"line":110,"column":41},"end":{"line":146,"column":1}},"30":{"start":{"line":111,"column":18},"end":{"line":111,"column":56}},"31":{"start":{"line":113,"column":15},"end":{"line":113,"column":16}},"32":{"start":{"line":114,"column":2},"end":{"line":132,"column":3}},"33":{"start":{"line":116,"column":6},"end":{"line":116,"column":48}},"34":{"start":{"line":117,"column":6},"end":{"line":117,"column":12}},"35":{"start":{"line":119,"column":6},"end":{"line":119,"column":40}},"36":{"start":{"line":120,"column":6},"end":{"line":120,"column":12}},"37":{"start":{"line":122,"column":6},"end":{"line":122,"column":38}},"38":{"start":{"line":123,"column":6},"end":{"line":123,"column":12}},"39":{"start":{"line":125,"column":6},"end":{"line":125,"column":36}},"40":{"start":{"line":126,"column":6},"end":{"line":128,"column":7}},"41":{"start":{"line":127,"column":8},"end":{"line":127,"column":52}},"42":{"start":{"line":129,"column":6},"end":{"line":129,"column":12}},"43":{"start":{"line":131,"column":6},"end":{"line":131,"column":17}},"44":{"start":{"line":135,"column":2},"end":{"line":135,"column":38}},"45":{"start":{"line":136,"column":2},"end":{"line":136,"column":42}},"46":{"start":{"line":137,"column":2},"end":{"line":137,"column":23}},"47":{"start":{"line":140,"column":2},"end":{"line":140,"column":36}},"48":{"start":{"line":143,"column":2},"end":{"line":143,"column":71}},"49":{"start":{"line":145,"column":2},"end":{"line":145,"column":17}},"50":{"start":{"line":149,"column":41},"end":{"line":161,"column":1}},"51":{"start":{"line":150,"column":19},"end":{"line":152,"column":4}},"52":{"start":{"line":154,"column":2},"end":{"line":158,"column":3}},"53":{"start":{"line":154,"column":15},"end":{"line":154,"column":16}},"54":{"start":{"line":155,"column":4},"end":{"line":157,"column":7}},"55":{"start":{"line":160,"column":2},"end":{"line":160,"column":18}},"56":{"start":{"line":164,"column":39},"end":{"line":172,"column":1}},"57":{"start":{"line":165,"column":2},"end":{"line":171,"column":5}},"58":{"start":{"line":175,"column":41},"end":{"line":184,"column":1}},"59":{"start":{"line":176,"column":2},"end":{"line":183,"column":5}},"60":{"start":{"line":187,"column":43},"end":{"line":195,"column":1}},"61":{"start":{"line":188,"column":2},"end":{"line":194,"column":5}}},"fnMap":{"0":{"name":"(anonymous_0)","decl":{"start":{"line":35,"column":29},"end":{"line":35,"column":30}},"loc":{"start":{"line":35,"column":51},"end":{"line":49,"column":1}},"line":35},"1":{"name":"(anonymous_1)","decl":{"start":{"line":52,"column":25},"end":{"line":52,"column":26}},"loc":{"start":{"line":52,"column":60},"end":{"line":55,"column":1}},"line":52},"2":{"name":"(anonymous_2)","decl":{"start":{"line":58,"column":23},"end":{"line":58,"column":24}},"loc":{"start":{"line":58,"column":35},"end":{"line":69,"column":1}},"line":58},"3":{"name":"(anonymous_3)","decl":{"start":{"line":61,"column":10},"end":{"line":61,"column":11}},"loc":{"start":{"line":61,"column":20},"end":{"line":61,"column":25}},"line":61},"4":{"name":"(anonymous_4)","decl":{"start":{"line":72,"column":32},"end":{"line":72,"column":33}},"loc":{"start":{"line":72,"column":62},"end":{"line":81,"column":1}},"line":72},"5":{"name":"(anonymous_5)","decl":{"start":{"line":84,"column":44},"end":{"line":84,"column":45}},"loc":{"start":{"line":84,"column":66},"end":{"line":107,"column":1}},"line":84},"6":{"name":"(anonymous_6)","decl":{"start":{"line":110,"column":41},"end":{"line":110,"column":42}},"loc":{"start":{"line":110,"column":91},"end":{"line":146,"column":1}},"line":110},"7":{"name":"(anonymous_7)","decl":{"start":{"line":149,"column":41},"end":{"line":149,"column":42}},"loc":{"start":{"line":149,"column":53},"end":{"line":161,"column":1}},"line":149},"8":{"name":"(anonymous_8)","decl":{"start":{"line":164,"column":39},"end":{"line":164,"column":40}},"loc":{"start":{"line":164,"column":58},"end":{"line":172,"column":1}},"line":164},"9":{"name":"(anonymous_9)","decl":{"start":{"line":175,"column":41},"end":{"line":175,"column":42}},"loc":{"start":{"line":175,"column":65},"end":{"line":184,"column":1}},"line":175},"10":{"name":"(anonymous_10)","decl":{"start":{"line":187,"column":43},"end":{"line":187,"column":44}},"loc":{"start":{"line":187,"column":65},"end":{"line":195,"column":1}},"line":187}},"branchMap":{"0":{"loc":{"start":{"line":40,"column":2},"end":{"line":46,"column":3}},"type":"if","locations":[{"start":{"line":40,"column":2},"end":{"line":46,"column":3}},{"start":{},"end":{}}],"line":40},"1":{"loc":{"start":{"line":64,"column":4},"end":{"line":66,"column":5}},"type":"if","locations":[{"start":{"line":64,"column":4},"end":{"line":66,"column":5}},{"start":{},"end":{}}],"line":64},"2":{"loc":{"start":{"line":89,"column":2},"end":{"line":91,"column":3}},"type":"if","locations":[{"start":{"line":89,"column":2},"end":{"line":91,"column":3}},{"start":{},"end":{}}],"line":89},"3":{"loc":{"start":{"line":110,"column":72},"end":{"line":110,"column":86}},"type":"default-arg","locations":[{"start":{"line":110,"column":82},"end":{"line":110,"column":86}}],"line":110},"4":{"loc":{"start":{"line":114,"column":2},"end":{"line":132,"column":3}},"type":"switch","locations":[{"start":{"line":115,"column":4},"end":{"line":117,"column":12}},{"start":{"line":118,"column":4},"end":{"line":120,"column":12}},{"start":{"line":121,"column":4},"end":{"line":123,"column":12}},{"start":{"line":124,"column":4},"end":{"line":129,"column":12}},{"start":{"line":130,"column":4},"end":{"line":131,"column":17}}],"line":114},"5":{"loc":{"start":{"line":126,"column":6},"end":{"line":128,"column":7}},"type":"if","locations":[{"start":{"line":126,"column":6},"end":{"line":128,"column":7}},{"start":{},"end":{}}],"line":126},"6":{"loc":{"start":{"line":175,"column":48},"end":{"line":175,"column":60}},"type":"default-arg","locations":[{"start":{"line":175,"column":57},"end":{"line":175,"column":60}}],"line":175}},"s":{"0":12,"1":12,"2":12,"3":12,"4":0,"5":0,"6":0,"7":0,"8":12,"9":0,"10":12,"11":0,"12":0,"13":0,"14":0,"15":0,"16":0,"17":12,"18":0,"19":0,"20":0,"21":12,"22":1,"23":0,"24":0,"25":0,"26":0,"27":0,"28":0,"29":12,"30":0,"31":0,"32":0,"33":0,"34":0,"35":0,"36":0,"37":0,"38":0,"39":0,"40":0,"41":0,"42":0,"43":0,"44":0,"45":0,"46":0,"47":0,"48":0,"49":0,"50":12,"51":1,"52":1,"53":1,"54":0,"55":1,"56":12,"57":3,"58":12,"59":2,"60":12,"61":2},"f":{"0":0,"1":0,"2":0,"3":0,"4":0,"5":1,"6":0,"7":1,"8":3,"9":2,"10":2},"b":{"0":[0,0],"1":[0,0],"2":[0,0],"3":[0],"4":[0,0,0,0,0],"5":[0,0],"6":[0]},"_coverageSchema":"1a1c01bbd47fc00a2c39e90264f33305004495a9","hash":"042812b93d952b54e67e6cba5f66a268f3ddbf7d"}
,"C:\\Users\\frobd\\Documents\\isa\\plataforma-torneios-backend\\plataforma-torneio\\api\\services\\torneioService.js": {"path":"C:\\Users\\frobd\\Documents\\isa\\plataforma-torneios-backend\\plataforma-torneio\\api\\services\\torneioService.js","statementMap":{"0":{"start":{"line":2,"column":20},"end":{"line":2,"column":26}},"1":{"start":{"line":4,"column":35},"end":{"line":16,"column":1}},"2":{"start":{"line":5,"column":39},"end":{"line":5,"column":44}},"3":{"start":{"line":6,"column":4},"end":{"line":6,"column":73}},"4":{"start":{"line":6,"column":39},"end":{"line":6,"column":73}},"5":{"start":{"line":8,"column":24},"end":{"line":13,"column":6}},"6":{"start":{"line":15,"column":4},"end":{"line":15,"column":23}},"7":{"start":{"line":18,"column":37},"end":{"line":20,"column":1}},"8":{"start":{"line":19,"column":4},"end":{"line":19,"column":35}},"9":{"start":{"line":22,"column":36},"end":{"line":26,"column":1}},"10":{"start":{"line":23,"column":20},"end":{"line":23,"column":46}},"11":{"start":{"line":24,"column":4},"end":{"line":24,"column":60}},"12":{"start":{"line":24,"column":18},"end":{"line":24,"column":60}},"13":{"start":{"line":25,"column":4},"end":{"line":25,"column":19}},"14":{"start":{"line":28,"column":39},"end":{"line":33,"column":1}},"15":{"start":{"line":29,"column":20},"end":{"line":29,"column":46}},"16":{"start":{"line":30,"column":4},"end":{"line":30,"column":60}},"17":{"start":{"line":30,"column":18},"end":{"line":30,"column":60}},"18":{"start":{"line":31,"column":4},"end":{"line":31,"column":32}},"19":{"start":{"line":32,"column":4},"end":{"line":32,"column":19}},"20":{"start":{"line":35,"column":37},"end":{"line":38,"column":1}},"21":{"start":{"line":36,"column":21},"end":{"line":36,"column":73}},"22":{"start":{"line":37,"column":4},"end":{"line":37,"column":61}},"23":{"start":{"line":37,"column":19},"end":{"line":37,"column":61}}},"fnMap":{"0":{"name":"(anonymous_0)","decl":{"start":{"line":4,"column":35},"end":{"line":4,"column":36}},"loc":{"start":{"line":4,"column":52},"end":{"line":16,"column":1}},"line":4},"1":{"name":"(anonymous_1)","decl":{"start":{"line":18,"column":37},"end":{"line":18,"column":38}},"loc":{"start":{"line":18,"column":49},"end":{"line":20,"column":1}},"line":18},"2":{"name":"(anonymous_2)","decl":{"start":{"line":22,"column":36},"end":{"line":22,"column":37}},"loc":{"start":{"line":22,"column":50},"end":{"line":26,"column":1}},"line":22},"3":{"name":"(anonymous_3)","decl":{"start":{"line":28,"column":39},"end":{"line":28,"column":40}},"loc":{"start":{"line":28,"column":60},"end":{"line":33,"column":1}},"line":28},"4":{"name":"(anonymous_4)","decl":{"start":{"line":35,"column":37},"end":{"line":35,"column":38}},"loc":{"start":{"line":35,"column":51},"end":{"line":38,"column":1}},"line":35}},"branchMap":{"0":{"loc":{"start":{"line":6,"column":4},"end":{"line":6,"column":73}},"type":"if","locations":[{"start":{"line":6,"column":4},"end":{"line":6,"column":73}},{"start":{},"end":{}}],"line":6},"1":{"loc":{"start":{"line":6,"column":8},"end":{"line":6,"column":37}},"type":"binary-expr","locations":[{"start":{"line":6,"column":8},"end":{"line":6,"column":13}},{"start":{"line":6,"column":17},"end":{"line":6,"column":27}},{"start":{"line":6,"column":31},"end":{"line":6,"column":37}}],"line":6},"2":{"loc":{"start":{"line":24,"column":4},"end":{"line":24,"column":60}},"type":"if","locations":[{"start":{"line":24,"column":4},"end":{"line":24,"column":60}},{"start":{},"end":{}}],"line":24},"3":{"loc":{"start":{"line":30,"column":4},"end":{"line":30,"column":60}},"type":"if","locations":[{"start":{"line":30,"column":4},"end":{"line":30,"column":60}},{"start":{},"end":{}}],"line":30},"4":{"loc":{"start":{"line":37,"column":4},"end":{"line":37,"column":61}},"type":"if","locations":[{"start":{"line":37,"column":4},"end":{"line":37,"column":61}},{"start":{},"end":{}}],"line":37}},"s":{"0":12,"1":12,"2":9,"3":9,"4":1,"5":8,"6":7,"7":12,"8":1,"9":12,"10":2,"11":2,"12":1,"13":1,"14":12,"15":1,"16":1,"17":0,"18":1,"19":1,"20":12,"21":1,"22":1,"23":0},"f":{"0":9,"1":1,"2":2,"3":1,"4":1},"b":{"0":[1,8],"1":[9,9,8],"2":[1,1],"3":[0,1],"4":[0,1]},"_coverageSchema":"1a1c01bbd47fc00a2c39e90264f33305004495a9","hash":"1faf938d8110d1c08d6145858fd2d93b9bb7b210"}
,"C:\\Users\\frobd\\Documents\\isa\\plataforma-torneios-backend\\plataforma-torneio\\api\\services\\userService.js": {"path":"C:\\Users\\frobd\\Documents\\isa\\plataforma-torneios-backend\\plataforma-torneio\\api\\services\\userService.js","statementMap":{"0":{"start":{"line":2,"column":70},"end":{"line":2,"column":76}},"1":{"start":{"line":5,"column":35},"end":{"line":28,"column":1}},"2":{"start":{"line":6,"column":33},"end":{"line":6,"column":38}},"3":{"start":{"line":7,"column":2},"end":{"line":7,"column":67}},"4":{"start":{"line":7,"column":33},"end":{"line":7,"column":67}},"5":{"start":{"line":9,"column":27},"end":{"line":9,"column":70}},"6":{"start":{"line":10,"column":2},"end":{"line":10,"column":63}},"7":{"start":{"line":10,"column":24},"end":{"line":10,"column":63}},"8":{"start":{"line":12,"column":22},"end":{"line":18,"column":4}},"9":{"start":{"line":20,"column":16},"end":{"line":24,"column":3}},"10":{"start":{"line":26,"column":41},"end":{"line":26,"column":61}},"11":{"start":{"line":27,"column":2},"end":{"line":27,"column":47}},"12":{"start":{"line":30,"column":37},"end":{"line":35,"column":1}},"13":{"start":{"line":31,"column":19},"end":{"line":33,"column":4}},"14":{"start":{"line":34,"column":2},"end":{"line":34,"column":18}},"15":{"start":{"line":37,"column":37},"end":{"line":43,"column":1}},"16":{"start":{"line":38,"column":18},"end":{"line":40,"column":4}},"17":{"start":{"line":41,"column":2},"end":{"line":41,"column":58}},"18":{"start":{"line":41,"column":16},"end":{"line":41,"column":58}},"19":{"start":{"line":42,"column":2},"end":{"line":42,"column":17}},"20":{"start":{"line":45,"column":36},"end":{"line":52,"column":1}},"21":{"start":{"line":46,"column":18},"end":{"line":46,"column":44}},"22":{"start":{"line":47,"column":2},"end":{"line":47,"column":58}},"23":{"start":{"line":47,"column":16},"end":{"line":47,"column":58}},"24":{"start":{"line":49,"column":2},"end":{"line":49,"column":30}},"25":{"start":{"line":50,"column":38},"end":{"line":50,"column":54}},"26":{"start":{"line":51,"column":2},"end":{"line":51,"column":23}},"27":{"start":{"line":54,"column":37},"end":{"line":57,"column":1}},"28":{"start":{"line":55,"column":19},"end":{"line":55,"column":71}},"29":{"start":{"line":56,"column":2},"end":{"line":56,"column":59}},"30":{"start":{"line":56,"column":17},"end":{"line":56,"column":59}},"31":{"start":{"line":59,"column":42},"end":{"line":93,"column":1}},"32":{"start":{"line":60,"column":18},"end":{"line":63,"column":4}},"33":{"start":{"line":65,"column":2},"end":{"line":66,"column":68}},"34":{"start":{"line":66,"column":4},"end":{"line":66,"column":68}},"35":{"start":{"line":68,"column":18},"end":{"line":68,"column":20}},"36":{"start":{"line":69,"column":2},"end":{"line":71,"column":3}},"37":{"start":{"line":70,"column":4},"end":{"line":70,"column":32}},"38":{"start":{"line":73,"column":26},"end":{"line":76,"column":4}},"39":{"start":{"line":78,"column":19},"end":{"line":78,"column":21}},"40":{"start":{"line":79,"column":2},"end":{"line":83,"column":3}},"41":{"start":{"line":80,"column":4},"end":{"line":82,"column":5}},"42":{"start":{"line":81,"column":6},"end":{"line":81,"column":37}},"43":{"start":{"line":85,"column":2},"end":{"line":85,"column":56}},"44":{"start":{"line":85,"column":31},"end":{"line":85,"column":56}},"45":{"start":{"line":87,"column":20},"end":{"line":90,"column":4}},"46":{"start":{"line":92,"column":2},"end":{"line":92,"column":23}},"47":{"start":{"line":95,"column":40},"end":{"line":100,"column":1}},"48":{"start":{"line":96,"column":18},"end":{"line":98,"column":4}},"49":{"start":{"line":99,"column":2},"end":{"line":99,"column":21}}},"fnMap":{"0":{"name":"(anonymous_0)","decl":{"start":{"line":5,"column":35},"end":{"line":5,"column":36}},"loc":{"start":{"line":5,"column":52},"end":{"line":28,"column":1}},"line":5},"1":{"name":"(anonymous_1)","decl":{"start":{"line":30,"column":37},"end":{"line":30,"column":38}},"loc":{"start":{"line":30,"column":49},"end":{"line":35,"column":1}},"line":30},"2":{"name":"(anonymous_2)","decl":{"start":{"line":37,"column":37},"end":{"line":37,"column":38}},"loc":{"start":{"line":37,"column":51},"end":{"line":43,"column":1}},"line":37},"3":{"name":"(anonymous_3)","decl":{"start":{"line":45,"column":36},"end":{"line":45,"column":37}},"loc":{"start":{"line":45,"column":57},"end":{"line":52,"column":1}},"line":45},"4":{"name":"(anonymous_4)","decl":{"start":{"line":54,"column":37},"end":{"line":54,"column":38}},"loc":{"start":{"line":54,"column":51},"end":{"line":57,"column":1}},"line":54},"5":{"name":"(anonymous_5)","decl":{"start":{"line":59,"column":42},"end":{"line":59,"column":43}},"loc":{"start":{"line":59,"column":60},"end":{"line":93,"column":1}},"line":59},"6":{"name":"(anonymous_6)","decl":{"start":{"line":95,"column":40},"end":{"line":95,"column":41}},"loc":{"start":{"line":95,"column":52},"end":{"line":100,"column":1}},"line":95}},"branchMap":{"0":{"loc":{"start":{"line":7,"column":2},"end":{"line":7,"column":67}},"type":"if","locations":[{"start":{"line":7,"column":2},"end":{"line":7,"column":67}},{"start":{},"end":{}}],"line":7},"1":{"loc":{"start":{"line":7,"column":6},"end":{"line":7,"column":31}},"type":"binary-expr","locations":[{"start":{"line":7,"column":6},"end":{"line":7,"column":11}},{"start":{"line":7,"column":15},"end":{"line":7,"column":21}},{"start":{"line":7,"column":25},"end":{"line":7,"column":31}}],"line":7},"2":{"loc":{"start":{"line":10,"column":2},"end":{"line":10,"column":63}},"type":"if","locations":[{"start":{"line":10,"column":2},"end":{"line":10,"column":63}},{"start":{},"end":{}}],"line":10},"3":{"loc":{"start":{"line":41,"column":2},"end":{"line":41,"column":58}},"type":"if","locations":[{"start":{"line":41,"column":2},"end":{"line":41,"column":58}},{"start":{},"end":{}}],"line":41},"4":{"loc":{"start":{"line":47,"column":2},"end":{"line":47,"column":58}},"type":"if","locations":[{"start":{"line":47,"column":2},"end":{"line":47,"column":58}},{"start":{},"end":{}}],"line":47},"5":{"loc":{"start":{"line":56,"column":2},"end":{"line":56,"column":59}},"type":"if","locations":[{"start":{"line":56,"column":2},"end":{"line":56,"column":59}},{"start":{},"end":{}}],"line":56},"6":{"loc":{"start":{"line":65,"column":2},"end":{"line":66,"column":68}},"type":"if","locations":[{"start":{"line":65,"column":2},"end":{"line":66,"column":68}},{"start":{},"end":{}}],"line":65},"7":{"loc":{"start":{"line":65,"column":6},"end":{"line":65,"column":38}},"type":"binary-expr","locations":[{"start":{"line":65,"column":6},"end":{"line":65,"column":14}},{"start":{"line":65,"column":18},"end":{"line":65,"column":38}}],"line":65},"8":{"loc":{"start":{"line":80,"column":4},"end":{"line":82,"column":5}},"type":"if","locations":[{"start":{"line":80,"column":4},"end":{"line":82,"column":5}},{"start":{},"end":{}}],"line":80},"9":{"loc":{"start":{"line":85,"column":2},"end":{"line":85,"column":56}},"type":"if","locations":[{"start":{"line":85,"column":2},"end":{"line":85,"column":56}},{"start":{},"end":{}}],"line":85}},"s":{"0":12,"1":12,"2":22,"3":22,"4":3,"5":19,"6":19,"7":1,"8":18,"9":17,"10":17,"11":17,"12":12,"13":0,"14":0,"15":12,"16":0,"17":0,"18":0,"19":0,"20":12,"21":1,"22":1,"23":0,"24":1,"25":1,"26":1,"27":12,"28":1,"29":1,"30":0,"31":12,"32":0,"33":0,"34":0,"35":0,"36":0,"37":0,"38":0,"39":0,"40":0,"41":0,"42":0,"43":0,"44":0,"45":0,"46":0,"47":12,"48":0,"49":0},"f":{"0":22,"1":0,"2":0,"3":1,"4":1,"5":0,"6":0},"b":{"0":[3,19],"1":[22,21,20],"2":[1,18],"3":[0,0],"4":[0,1],"5":[0,1],"6":[0,0],"7":[0,0],"8":[0,0],"9":[0,0]},"_coverageSchema":"1a1c01bbd47fc00a2c39e90264f33305004495a9","hash":"ae4636b1030d304285def36573bf19ce18d93a92"}
}
