TN:
SF:api\index.js
FN:15,(anonymous_0)
FN:29,(anonymous_1)
FN:30,(anonymous_2)
FN:33,(anonymous_3)
FNF:4
FNH:0
FNDA:0,(anonymous_0)
FNDA:0,(anonymous_1)
FNDA:0,(anonymous_2)
FNDA:0,(anonymous_3)
DA:7,12
DA:8,12
DA:9,0
DA:13,12
DA:15,12
DA:16,0
DA:21,12
DA:22,12
DA:24,12
DA:26,12
DA:27,0
DA:29,0
DA:30,0
DA:32,0
DA:33,0
LF:15
LH:8
BRDA:8,0,0,0
BRDA:8,0,1,12
BRDA:26,1,0,0
BRDA:26,1,1,12
BRDA:32,2,0,0
BRDA:32,2,1,0
BRF:6
BRH:2
end_of_record
TN:
SF:api\controllers\adminController.js
FN:10,(anonymous_0)
FN:22,(anonymous_1)
FN:43,(anonymous_2)
FN:56,(anonymous_3)
FN:66,(anonymous_4)
FNF:5
FNH:4
FNDA:12,(anonymous_0)
FNDA:9,(anonymous_1)
FNDA:1,(anonymous_2)
FNDA:1,(anonymous_3)
FNDA:0,(anonymous_4)
DA:10,12
DA:11,12
DA:12,12
DA:13,9
DA:18,3
DA:22,12
DA:23,9
DA:24,9
DA:27,9
DA:29,9
DA:39,0
DA:43,12
DA:44,1
DA:45,1
DA:46,1
DA:47,1
DA:52,0
DA:56,12
DA:57,1
DA:58,1
DA:59,1
DA:60,1
DA:62,0
DA:66,12
DA:67,0
DA:68,0
DA:70,0
DA:72,0
DA:77,0
LF:29
LH:21
BRF:0
BRH:0
end_of_record
TN:
SF:api\controllers\authController.js
FN:3,(anonymous_0)
FN:12,(anonymous_1)
FNF:2
FNH:2
FNDA:4,(anonymous_0)
FNDA:2,(anonymous_1)
DA:3,12
DA:4,4
DA:5,4
DA:6,1
DA:8,3
DA:12,12
DA:13,2
DA:14,2
DA:15,2
DA:16,2
DA:17,2
DA:18,2
DA:20,0
LF:13
LH:12
BRDA:15,0,0,0
BRDA:15,0,1,2
BRF:2
BRH:1
end_of_record
TN:
SF:api\controllers\equipeController.js
FN:4,(anonymous_0)
FN:16,(anonymous_1)
FN:29,(anonymous_2)
FN:41,(anonymous_3)
FN:53,(anonymous_4)
FNF:5
FNH:5
FNDA:20,(anonymous_0)
FNDA:1,(anonymous_1)
FNDA:2,(anonymous_2)
FNDA:1,(anonymous_3)
FNDA:1,(anonymous_4)
DA:3,12
DA:5,20
DA:6,20
DA:7,20
DA:12,0
DA:17,1
DA:18,1
DA:19,1
DA:25,0
DA:30,2
DA:31,2
DA:32,1
DA:37,1
DA:42,1
DA:43,1
DA:44,1
DA:49,0
DA:54,1
DA:55,1
DA:56,1
DA:61,0
LF:21
LH:17
BRF:0
BRH:0
end_of_record
TN:
SF:api\controllers\equipeUsuarioController.js
FN:4,(anonymous_0)
FN:18,(anonymous_1)
FN:31,(anonymous_2)
FN:47,(anonymous_3)
FN:63,(anonymous_4)
FNF:5
FNH:4
FNDA:1,(anonymous_0)
FNDA:1,(anonymous_1)
FNDA:2,(anonymous_2)
FNDA:1,(anonymous_3)
FNDA:0,(anonymous_4)
DA:3,12
DA:5,1
DA:6,1
DA:8,1
DA:14,0
DA:19,1
DA:20,1
DA:22,0
DA:27,1
DA:32,2
DA:33,2
DA:38,0
DA:43,2
DA:48,1
DA:49,1
DA:54,0
DA:59,1
DA:64,0
DA:65,0
DA:67,0
DA:72,0
LF:21
LH:13
BRF:0
BRH:0
end_of_record
TN:
SF:api\controllers\inscricaoController.js
FN:10,(anonymous_0)
FN:34,(anonymous_1)
FN:43,(anonymous_2)
FN:52,(anonymous_3)
FN:75,(anonymous_4)
FNF:5
FNH:5
FNDA:12,(anonymous_0)
FNDA:1,(anonymous_1)
FNDA:2,(anonymous_2)
FNDA:6,(anonymous_3)
FNDA:2,(anonymous_4)
DA:10,12
DA:11,12
DA:12,12
DA:14,12
DA:15,3
DA:20,9
DA:25,6
DA:30,3
DA:34,12
DA:35,1
DA:36,1
DA:37,1
DA:39,0
DA:43,12
DA:44,2
DA:45,2
DA:46,0
DA:48,2
DA:52,12
DA:53,6
DA:54,6
DA:56,6
DA:58,6
DA:59,1
DA:62,5
DA:66,4
DA:71,1
DA:75,12
DA:76,2
DA:77,2
DA:78,2
DA:80,0
LF:32
LH:29
BRDA:14,0,0,3
BRDA:14,0,1,9
BRDA:14,1,0,12
BRDA:14,1,1,10
BRDA:58,2,0,1
BRDA:58,2,1,5
BRDA:58,3,0,6
BRDA:58,3,1,6
BRF:8
BRH:8
end_of_record
TN:
SF:api\controllers\partidaController.js
FN:14,(anonymous_0)
FN:23,(anonymous_1)
FN:32,(anonymous_2)
FN:41,(anonymous_3)
FN:50,(anonymous_4)
FN:59,(anonymous_5)
FN:69,(anonymous_6)
FN:78,(anonymous_7)
FN:88,(anonymous_8)
FN:98,(anonymous_9)
FNF:10
FNH:10
FNDA:9,(anonymous_0)
FNDA:2,(anonymous_1)
FNDA:1,(anonymous_2)
FNDA:1,(anonymous_3)
FNDA:1,(anonymous_4)
FNDA:2,(anonymous_5)
FNDA:4,(anonymous_6)
FNDA:2,(anonymous_7)
FNDA:2,(anonymous_8)
FNDA:2,(anonymous_9)
DA:14,12
DA:15,9
DA:16,9
DA:17,6
DA:19,3
DA:23,12
DA:24,2
DA:25,2
DA:26,0
DA:28,2
DA:32,12
DA:33,1
DA:34,1
DA:35,1
DA:37,0
DA:41,12
DA:42,1
DA:43,1
DA:44,0
DA:46,1
DA:50,12
DA:51,1
DA:52,1
DA:53,1
DA:55,0
DA:59,12
DA:60,2
DA:61,2
DA:62,2
DA:63,1
DA:65,1
DA:69,12
DA:70,4
DA:71,4
DA:72,3
DA:74,1
DA:78,12
DA:79,2
DA:80,2
DA:81,2
DA:82,1
DA:84,1
DA:88,12
DA:89,2
DA:90,2
DA:91,2
DA:92,1
DA:94,1
DA:98,12
DA:99,2
DA:100,2
DA:101,1
DA:103,1
LF:53
LH:49
BRF:0
BRH:0
end_of_record
TN:
SF:api\controllers\partidaUsuarioController.js
FN:11,(anonymous_0)
FN:20,(anonymous_1)
FN:29,(anonymous_2)
FN:38,(anonymous_3)
FN:47,(anonymous_4)
FN:56,(anonymous_5)
FN:66,(anonymous_6)
FNF:7
FNH:7
FNDA:4,(anonymous_0)
FNDA:1,(anonymous_1)
FNDA:1,(anonymous_2)
FNDA:1,(anonymous_3)
FNDA:1,(anonymous_4)
FNDA:1,(anonymous_5)
FNDA:1,(anonymous_6)
DA:11,12
DA:12,4
DA:13,4
DA:14,3
DA:16,1
DA:20,12
DA:21,1
DA:22,1
DA:23,0
DA:25,1
DA:29,12
DA:30,1
DA:31,1
DA:32,0
DA:34,1
DA:38,12
DA:39,1
DA:40,1
DA:41,1
DA:43,0
DA:47,12
DA:48,1
DA:49,1
DA:50,1
DA:52,0
DA:56,12
DA:57,1
DA:58,1
DA:59,1
DA:60,1
DA:62,0
DA:66,12
DA:67,1
DA:68,1
DA:69,1
DA:70,1
DA:72,0
LF:37
LH:31
BRF:0
BRH:0
end_of_record
TN:
SF:api\controllers\rankingController.js
FN:10,(anonymous_0)
FN:29,(anonymous_1)
FN:55,(anonymous_2)
FN:81,(anonymous_3)
FN:108,(anonymous_4)
FN:127,(anonymous_5)
FNF:6
FNH:6
FNDA:2,(anonymous_0)
FNDA:2,(anonymous_1)
FNDA:3,(anonymous_2)
FNDA:8,(anonymous_3)
FNDA:1,(anonymous_4)
FNDA:1,(anonymous_5)
DA:10,12
DA:11,2
DA:12,2
DA:13,2
DA:15,2
DA:21,0
DA:29,12
DA:30,2
DA:31,2
DA:32,2
DA:34,1
DA:35,1
DA:41,0
DA:47,1
DA:55,12
DA:56,3
DA:57,3
DA:58,3
DA:60,3
DA:61,3
DA:67,0
DA:73,0
DA:81,12
DA:82,8
DA:83,8
DA:85,8
DA:86,8
DA:92,0
DA:94,0
DA:100,0
DA:108,12
DA:109,1
DA:110,1
DA:112,1
DA:118,0
DA:127,12
DA:128,1
DA:129,1
DA:131,1
DA:133,0
DA:139,1
LF:41
LH:32
BRDA:12,0,0,1
BRDA:34,1,0,1
BRDA:34,1,1,0
BRDA:60,2,0,3
BRDA:60,2,1,0
BRDA:85,3,0,8
BRDA:85,3,1,0
BRDA:85,4,0,8
BRDA:85,4,1,0
BRF:9
BRH:5
end_of_record
TN:
SF:api\controllers\torneioController.js
FN:3,(anonymous_0)
FN:12,(anonymous_1)
FN:21,(anonymous_2)
FN:30,(anonymous_3)
FN:39,(anonymous_4)
FNF:5
FNH:5
FNDA:9,(anonymous_0)
FNDA:1,(anonymous_1)
FNDA:2,(anonymous_2)
FNDA:1,(anonymous_3)
FNDA:1,(anonymous_4)
DA:3,12
DA:4,9
DA:5,9
DA:6,7
DA:8,2
DA:12,12
DA:13,1
DA:14,1
DA:15,1
DA:17,0
DA:21,12
DA:22,2
DA:23,2
DA:24,1
DA:26,1
DA:30,12
DA:31,1
DA:32,1
DA:33,1
DA:35,0
DA:39,12
DA:40,1
DA:41,1
DA:42,1
DA:44,0
LF:25
LH:22
BRF:0
BRH:0
end_of_record
TN:
SF:api\controllers\userController.js
FN:3,(anonymous_0)
FN:12,(anonymous_1)
FN:21,(anonymous_2)
FN:30,(anonymous_3)
FN:39,(anonymous_4)
FN:48,(anonymous_5)
FN:57,(anonymous_6)
FNF:7
FNH:5
FNDA:24,(anonymous_0)
FNDA:3,(anonymous_1)
FNDA:2,(anonymous_2)
FNDA:2,(anonymous_3)
FNDA:3,(anonymous_4)
FNDA:0,(anonymous_5)
FNDA:0,(anonymous_6)
DA:3,13
DA:4,24
DA:5,24
DA:6,18
DA:8,6
DA:12,13
DA:13,3
DA:14,3
DA:15,2
DA:17,1
DA:21,13
DA:22,2
DA:23,2
DA:24,1
DA:26,1
DA:30,13
DA:31,2
DA:32,2
DA:33,1
DA:35,1
DA:39,13
DA:40,3
DA:41,3
DA:42,2
DA:44,1
DA:48,13
DA:49,0
DA:50,0
DA:51,0
DA:53,0
DA:57,13
DA:58,0
DA:59,0
DA:60,0
DA:62,0
LF:35
LH:27
BRF:0
BRH:0
end_of_record
TN:
SF:api\middlewares\authenticateToken.js
FN:6,(anonymous_0)
FN:17,(anonymous_1)
FNF:2
FNH:2
FNDA:141,(anonymous_0)
FNDA:124,(anonymous_1)
DA:4,12
DA:6,12
DA:7,141
DA:8,141
DA:9,141
DA:10,17
DA:12,124
DA:13,124
DA:14,124
DA:15,0
DA:17,124
DA:18,124
DA:19,0
DA:21,124
DA:22,124
DA:25,0
LF:16
LH:13
BRDA:9,0,0,17
BRDA:9,0,1,124
BRDA:14,1,0,0
BRDA:14,1,1,124
BRDA:18,2,0,0
BRDA:18,2,1,124
BRF:6
BRH:4
end_of_record
TN:
SF:api\middlewares\checkAdmin.js
FN:3,(anonymous_0)
FNF:1
FNH:1
FNDA:71,(anonymous_0)
DA:3,12
DA:4,71
DA:5,71
DA:7,71
DA:9,71
DA:10,71
DA:13,71
DA:14,8
DA:19,63
DA:20,63
DA:22,0
LF:11
LH:10
BRDA:5,0,0,71
BRDA:5,0,1,71
BRDA:7,1,0,0
BRDA:7,1,1,71
BRDA:13,2,0,8
BRDA:13,2,1,63
BRF:6
BRH:5
end_of_record
TN:
SF:api\middlewares\rateLimiter.js
FN:16,(anonymous_0)
FNF:1
FNH:1
FNDA:66,(anonymous_0)
DA:3,12
DA:5,12
DA:16,66
LF:3
LH:3
BRDA:5,0,0,0
BRDA:5,0,1,12
BRF:2
BRH:1
end_of_record
TN:
SF:api\models\blacklist.js
FN:1,(anonymous_0)
FNF:1
FNH:1
FNDA:17,(anonymous_0)
DA:2,17
LF:1
LH:1
BRF:0
BRH:0
end_of_record
TN:
SF:api\models\equipe.js
FN:1,(anonymous_0)
FN:31,(anonymous_1)
FNF:2
FNH:1
FNDA:17,(anonymous_0)
FNDA:0,(anonymous_1)
DA:1,17
DA:2,17
DA:31,17
DA:32,0
DA:38,17
LF:5
LH:4
BRF:0
BRH:0
end_of_record
TN:
SF:api\models\equipeUsuario.js
FN:1,(anonymous_0)
FN:44,(anonymous_1)
FNF:2
FNH:1
FNDA:17,(anonymous_0)
FNDA:0,(anonymous_1)
DA:1,17
DA:2,17
DA:44,17
DA:45,0
DA:50,0
DA:56,17
LF:6
LH:4
BRF:0
BRH:0
end_of_record
TN:
SF:api\models\index.js
FNF:0
FNH:0
DA:15,17
DA:25,17
DA:26,17
DA:27,17
DA:28,17
DA:29,17
DA:30,17
DA:31,17
DA:32,17
DA:33,17
DA:36,17
DA:43,17
DA:50,17
DA:51,17
DA:53,17
DA:57,17
DA:62,17
DA:67,17
DA:69,17
DA:70,17
DA:74,17
DA:79,17
DA:86,17
DA:90,17
DA:94,17
DA:99,17
DA:104,17
DA:109,17
LF:28
LH:28
BRDA:18,0,0,17
BRDA:18,0,1,0
BRF:2
BRH:1
end_of_record
TN:
SF:api\models\inscricao.js
FN:3,(anonymous_0)
FNF:1
FNH:1
FNDA:17,(anonymous_0)
DA:4,17
DA:45,17
LF:2
LH:2
BRF:0
BRH:0
end_of_record
TN:
SF:api\models\partida.js
FN:3,(anonymous_0)
FNF:1
FNH:1
FNDA:17,(anonymous_0)
DA:4,17
LF:1
LH:1
BRF:0
BRH:0
end_of_record
TN:
SF:api\models\partidaUsuario.js
FN:3,(anonymous_0)
FNF:1
FNH:1
FNDA:17,(anonymous_0)
DA:4,17
LF:1
LH:1
BRF:0
BRH:0
end_of_record
TN:
SF:api\models\ranking.js
FN:1,(anonymous_0)
FNF:1
FNH:1
FNDA:17,(anonymous_0)
DA:2,17
DA:4,17
DA:50,17
LF:3
LH:3
BRF:0
BRH:0
end_of_record
TN:
SF:api\models\torneio.js
FN:3,(anonymous_0)
FNF:1
FNH:1
FNDA:17,(anonymous_0)
DA:4,17
LF:1
LH:1
BRF:0
BRH:0
end_of_record
TN:
SF:api\models\user.js
FN:4,(anonymous_0)
FN:37,(anonymous_1)
FN:44,(anonymous_2)
FNF:3
FNH:3
FNDA:17,(anonymous_0)
FNDA:26,(anonymous_1)
FNDA:2,(anonymous_2)
DA:5,17
DA:37,17
DA:38,26
DA:39,26
DA:40,0
DA:44,17
DA:45,2
DA:46,0
DA:49,17
LF:9
LH:7
BRDA:39,0,0,0
BRDA:39,0,1,26
BRDA:45,1,0,0
BRDA:45,1,1,2
BRF:4
BRH:2
end_of_record
TN:
SF:api\routes\adminRoute.js
FNF:0
FNH:0
DA:12,12
DA:14,12
DA:15,12
DA:16,12
DA:17,12
DA:18,12
DA:19,12
LF:7
LH:7
BRF:0
BRH:0
end_of_record
TN:
SF:api\routes\equipeRoute.js
FNF:0
FNH:0
DA:5,12
DA:8,12
DA:9,12
DA:12,12
DA:13,12
DA:14,12
LF:6
LH:6
BRF:0
BRH:0
end_of_record
TN:
SF:api\routes\equipeUsuario.js
FNF:0
FNH:0
DA:5,0
DA:8,0
DA:10,0
DA:12,0
DA:18,0
DA:25,0
LF:6
LH:0
BRF:0
BRH:0
end_of_record
TN:
SF:api\routes\equipeUsuarioRoute.js
FNF:0
FNH:0
DA:6,12
DA:8,12
DA:10,12
DA:12,12
DA:18,12
DA:24,12
LF:6
LH:6
BRF:0
BRH:0
end_of_record
TN:
SF:api\routes\index.js
FNF:0
FNH:0
DA:13,12
DA:15,12
DA:16,12
DA:17,12
DA:18,12
DA:19,12
DA:20,12
DA:21,12
DA:22,12
DA:23,12
LF:10
LH:10
BRF:0
BRH:0
end_of_record
TN:
SF:api\routes\inscricaoRoute.js
FNF:0
FNH:0
DA:12,12
DA:15,12
DA:18,12
DA:21,12
DA:24,12
DA:27,12
LF:6
LH:6
BRF:0
BRH:0
end_of_record
TN:
SF:api\routes\partidaRoute.js
FNF:0
FNH:0
DA:18,12
DA:20,12
DA:21,12
DA:22,12
DA:23,12
DA:24,12
DA:25,12
DA:26,12
DA:27,12
DA:28,12
DA:29,12
LF:11
LH:11
BRF:0
BRH:0
end_of_record
TN:
SF:api\routes\partidaUsuarioRoute.js
FNF:0
FNH:0
DA:15,12
DA:17,12
DA:18,12
DA:19,12
DA:20,12
DA:21,12
DA:23,12
DA:24,12
LF:8
LH:8
BRF:0
BRH:0
end_of_record
TN:
SF:api\routes\rankingRoute.js
FNF:0
FNH:0
DA:14,12
DA:17,12
DA:18,12
DA:19,12
DA:22,12
DA:23,12
DA:24,12
LF:7
LH:7
BRF:0
BRH:0
end_of_record
TN:
SF:api\routes\torneioRoute.js
FNF:0
FNH:0
DA:12,12
DA:14,12
DA:15,12
DA:16,12
DA:17,12
DA:18,12
LF:6
LH:6
BRF:0
BRH:0
end_of_record
TN:
SF:api\routes\userRoute.js
FNF:0
FNH:0
DA:7,12
DA:10,12
DA:11,12
DA:12,12
DA:13,12
DA:14,12
DA:15,12
DA:16,12
DA:17,12
DA:18,12
LF:10
LH:10
BRF:0
BRH:0
end_of_record
TN:
SF:api\services\adminService.js
FN:5,(anonymous_0)
FN:41,(anonymous_1)
FN:66,(anonymous_2)
FN:76,(anonymous_3)
FNF:4
FNH:3
FNDA:12,(anonymous_0)
FNDA:1,(anonymous_1)
FNDA:1,(anonymous_2)
FNDA:0,(anonymous_3)
DA:3,12
DA:5,12
DA:7,12
DA:11,12
DA:12,2
DA:18,10
DA:19,10
DA:20,1
DA:24,9
DA:33,9
DA:41,12
DA:42,1
DA:43,1
DA:44,0
DA:49,1
DA:50,0
DA:54,1
DA:57,1
DA:66,12
DA:67,1
DA:68,1
DA:69,0
DA:72,1
DA:73,1
DA:76,12
DA:77,0
DA:79,0
DA:80,0
DA:83,0
LF:29
LH:22
BRDA:11,0,0,2
BRDA:11,0,1,10
BRDA:19,1,0,1
BRDA:19,1,1,9
BRDA:43,2,0,0
BRDA:43,2,1,1
BRDA:49,3,0,0
BRDA:49,3,1,1
BRDA:68,4,0,0
BRDA:68,4,1,1
BRDA:79,5,0,0
BRDA:79,5,1,0
BRF:12
BRH:7
end_of_record
TN:
SF:api\services\authService.js
FN:6,(anonymous_0)
FN:23,(anonymous_1)
FNF:2
FNH:2
FNDA:16,(anonymous_0)
FNDA:3,(anonymous_1)
DA:2,13
DA:6,13
DA:7,16
DA:8,16
DA:10,13
DA:12,13
DA:14,11
DA:20,11
DA:23,13
DA:24,3
DA:25,3
DA:26,3
LF:12
LH:12
BRDA:8,0,0,3
BRDA:8,0,1,13
BRDA:12,1,0,2
BRDA:12,1,1,11
BRF:4
BRH:4
end_of_record
TN:
SF:api\services\equipeService.js
FN:4,(anonymous_0)
FN:13,(anonymous_1)
FN:21,(anonymous_2)
FN:31,(anonymous_3)
FN:43,(anonymous_4)
FNF:5
FNH:5
FNDA:23,(anonymous_0)
FNDA:4,(anonymous_1)
FNDA:4,(anonymous_2)
FNDA:3,(anonymous_3)
FNDA:3,(anonymous_4)
DA:3,13
DA:5,23
DA:6,23
DA:7,21
DA:9,2
DA:14,4
DA:15,4
DA:17,1
DA:22,4
DA:23,4
DA:24,4
DA:25,2
DA:27,2
DA:32,3
DA:33,3
DA:34,3
DA:36,2
DA:37,2
DA:39,1
DA:44,3
DA:45,3
DA:46,3
DA:48,2
DA:49,2
DA:51,1
LF:25
LH:25
BRDA:24,0,0,2
BRDA:24,0,1,2
BRDA:34,1,0,1
BRDA:34,1,1,2
BRDA:46,2,0,1
BRDA:46,2,1,2
BRF:6
BRH:6
end_of_record
TN:
SF:api\services\equipeUsuarioService.js
FN:5,(anonymous_0)
FN:9,(anonymous_1)
FN:15,(anonymous_2)
FN:19,(anonymous_3)
FN:27,(anonymous_4)
FNF:5
FNH:4
FNDA:1,(anonymous_0)
FNDA:1,(anonymous_1)
FNDA:2,(anonymous_2)
FNDA:1,(anonymous_3)
FNDA:0,(anonymous_4)
DA:4,12
DA:6,1
DA:10,1
DA:11,0
DA:12,0
DA:16,2
DA:20,1
DA:21,1
DA:23,0
DA:24,0
DA:28,0
DA:29,0
DA:31,0
DA:32,0
LF:14
LH:6
BRDA:11,0,0,0
BRDA:11,0,1,0
BRDA:21,1,0,1
BRDA:21,1,1,0
BRDA:29,2,0,0
BRDA:29,2,1,0
BRF:6
BRH:1
end_of_record
TN:
SF:api\services\inscricaoService.js
FN:5,(anonymous_0)
FN:29,(anonymous_1)
FN:34,(anonymous_2)
FN:41,(anonymous_3)
FN:50,(anonymous_4)
FNF:5
FNH:5
FNDA:9,(anonymous_0)
FNDA:1,(anonymous_1)
FNDA:2,(anonymous_2)
FNDA:5,(anonymous_3)
FNDA:2,(anonymous_4)
DA:2,12
DA:5,12
DA:6,9
DA:7,0
DA:10,9
DA:11,9
DA:13,9
DA:14,2
DA:17,7
DA:21,7
DA:22,1
DA:25,6
DA:29,12
DA:30,1
DA:34,12
DA:35,2
DA:36,1
DA:37,0
DA:41,12
DA:42,5
DA:43,4
DA:45,4
DA:46,4
DA:50,12
DA:51,2
DA:52,2
DA:54,2
DA:55,2
LF:28
LH:26
BRDA:6,0,0,0
BRDA:6,0,1,9
BRDA:6,1,0,9
BRDA:6,1,1,9
BRDA:13,2,0,2
BRDA:13,2,1,7
BRDA:13,3,0,9
BRDA:13,3,1,8
BRDA:21,4,0,1
BRDA:21,4,1,6
BRDA:36,5,0,1
BRDA:36,5,1,0
BRDA:43,6,0,0
BRDA:43,6,1,4
BRDA:52,7,0,0
BRDA:52,7,1,2
BRF:16
BRH:12
end_of_record
TN:
SF:api\services\partidaService.js
FN:4,(anonymous_0)
FN:21,(anonymous_1)
FN:34,(anonymous_2)
FN:47,(anonymous_3)
FN:54,(anonymous_4)
FN:59,(anonymous_5)
FN:71,(anonymous_6)
FN:83,(anonymous_7)
FN:96,(anonymous_8)
FN:111,(anonymous_9)
FNF:10
FNH:10
FNDA:9,(anonymous_0)
FNDA:2,(anonymous_1)
FNDA:1,(anonymous_2)
FNDA:1,(anonymous_3)
FNDA:1,(anonymous_4)
FNDA:2,(anonymous_5)
FNDA:4,(anonymous_6)
FNDA:2,(anonymous_7)
FNDA:2,(anonymous_8)
FNDA:2,(anonymous_9)
DA:2,12
DA:4,12
DA:5,9
DA:6,9
DA:8,7
DA:18,6
DA:21,12
DA:22,2
DA:30,1
DA:31,0
DA:34,12
DA:35,1
DA:47,12
DA:48,1
DA:49,0
DA:50,0
DA:51,0
DA:54,12
DA:55,1
DA:56,1
DA:59,12
DA:60,2
DA:61,1
DA:63,1
DA:68,1
DA:71,12
DA:72,4
DA:73,3
DA:75,3
DA:80,3
DA:83,12
DA:84,2
DA:85,1
DA:87,1
DA:93,1
DA:96,12
DA:97,2
DA:98,1
DA:100,1
DA:101,1
DA:103,1
DA:108,1
DA:111,12
DA:112,2
DA:113,1
DA:115,1
DA:119,1
LF:47
LH:43
BRDA:6,0,0,2
BRDA:6,0,1,7
BRDA:6,1,0,9
BRDA:6,1,1,8
BRDA:6,1,2,8
BRDA:30,2,0,1
BRDA:30,2,1,0
BRDA:34,3,0,0
BRDA:49,4,0,0
BRDA:49,4,1,0
BRDA:56,5,0,0
BRDA:56,5,1,1
BRDA:61,6,0,0
BRDA:61,6,1,1
BRDA:73,7,0,0
BRDA:73,7,1,3
BRDA:77,8,0,3
BRDA:77,8,1,1
BRDA:83,9,0,0
BRDA:85,10,0,0
BRDA:85,10,1,1
BRDA:98,11,0,0
BRDA:98,11,1,1
BRDA:101,12,0,0
BRDA:101,12,1,1
BRDA:113,13,0,0
BRDA:113,13,1,1
BRF:27
BRH:15
end_of_record
TN:
SF:api\services\partidaUsuarioService.js
FN:4,(anonymous_0)
FN:27,(anonymous_1)
FN:45,(anonymous_2)
FN:62,(anonymous_3)
FN:69,(anonymous_4)
FN:76,(anonymous_5)
FN:83,(anonymous_6)
FNF:7
FNH:7
FNDA:5,(anonymous_0)
FNDA:1,(anonymous_1)
FNDA:1,(anonymous_2)
FNDA:1,(anonymous_3)
FNDA:1,(anonymous_4)
FNDA:1,(anonymous_5)
FNDA:1,(anonymous_6)
DA:2,12
DA:4,12
DA:5,5
DA:6,5
DA:8,5
DA:9,5
DA:11,5
DA:12,5
DA:14,5
DA:17,5
DA:19,4
DA:24,4
DA:27,12
DA:28,1
DA:41,0
DA:42,0
DA:45,12
DA:46,1
DA:62,12
DA:63,1
DA:64,1
DA:65,1
DA:66,1
DA:69,12
DA:70,1
DA:73,1
DA:76,12
DA:77,1
DA:83,12
DA:84,1
DA:85,1
DA:87,1
DA:91,1
LF:33
LH:31
BRDA:6,0,0,0
BRDA:6,0,1,5
BRDA:6,1,0,5
BRDA:6,1,1,5
BRDA:9,2,0,0
BRDA:9,2,1,5
BRDA:12,3,0,0
BRDA:12,3,1,5
BRDA:17,4,0,1
BRDA:17,4,1,4
BRDA:41,5,0,0
BRDA:41,5,1,0
BRDA:45,6,0,0
BRDA:64,7,0,0
BRDA:64,7,1,1
BRDA:73,8,0,0
BRDA:73,8,1,1
BRDA:85,9,0,0
BRDA:85,9,1,1
BRF:19
BRH:10
end_of_record
TN:
SF:api\services\rankingService.js
FN:35,(anonymous_0)
FN:52,(anonymous_1)
FN:58,(anonymous_2)
FN:61,(anonymous_3)
FN:72,(anonymous_4)
FN:84,(anonymous_5)
FN:110,(anonymous_6)
FN:149,(anonymous_7)
FN:164,(anonymous_8)
FN:175,(anonymous_9)
FN:187,(anonymous_10)
FNF:11
FNH:11
FNDA:2,(anonymous_0)
FNDA:1,(anonymous_1)
FNDA:3,(anonymous_2)
FNDA:12,(anonymous_3)
FNDA:3,(anonymous_4)
FNDA:3,(anonymous_5)
FNDA:2,(anonymous_6)
FNDA:5,(anonymous_7)
FNDA:3,(anonymous_8)
FNDA:3,(anonymous_9)
FNDA:2,(anonymous_10)
DA:2,13
DA:18,13
DA:27,13
DA:35,13
DA:36,2
DA:40,2
DA:41,1
DA:48,2
DA:52,13
DA:53,1
DA:58,13
DA:59,3
DA:61,12
DA:63,3
DA:64,14
DA:65,3
DA:68,0
DA:72,13
DA:73,3
DA:75,3
DA:80,3
DA:84,13
DA:85,3
DA:89,2
DA:90,1
DA:94,1
DA:101,1
DA:104,1
DA:106,1
DA:110,13
DA:111,2
DA:113,2
DA:114,2
DA:116,0
DA:117,0
DA:119,1
DA:120,1
DA:122,0
DA:123,0
DA:125,1
DA:126,1
DA:127,1
DA:129,1
DA:131,0
DA:135,2
DA:136,2
DA:137,2
DA:140,2
DA:143,2
DA:145,2
DA:149,13
DA:150,5
DA:154,5
DA:155,2
DA:160,5
DA:164,13
DA:165,3
DA:175,13
DA:176,3
DA:187,13
DA:188,2
LF:61
LH:55
BRDA:40,0,0,1
BRDA:40,0,1,1
BRDA:64,1,0,3
BRDA:64,1,1,11
BRDA:89,2,0,1
BRDA:89,2,1,1
BRDA:110,3,0,1
BRDA:114,4,0,0
BRDA:114,4,1,1
BRDA:114,4,2,0
BRDA:114,4,3,1
BRDA:114,4,4,0
BRDA:126,5,0,1
BRDA:126,5,1,0
BRDA:175,6,0,0
BRF:15
BRH:10
end_of_record
TN:
SF:api\services\torneioService.js
FN:4,(anonymous_0)
FN:18,(anonymous_1)
FN:22,(anonymous_2)
FN:28,(anonymous_3)
FN:35,(anonymous_4)
FNF:5
FNH:5
FNDA:9,(anonymous_0)
FNDA:1,(anonymous_1)
FNDA:2,(anonymous_2)
FNDA:1,(anonymous_3)
FNDA:1,(anonymous_4)
DA:2,12
DA:4,12
DA:5,9
DA:6,9
DA:8,8
DA:15,7
DA:18,12
DA:19,1
DA:22,12
DA:23,2
DA:24,2
DA:25,1
DA:28,12
DA:29,1
DA:30,1
DA:31,1
DA:32,1
DA:35,12
DA:36,1
DA:37,1
LF:20
LH:20
BRDA:6,0,0,1
BRDA:6,0,1,8
BRDA:6,1,0,9
BRDA:6,1,1,9
BRDA:6,1,2,8
BRDA:24,2,0,1
BRDA:24,2,1,1
BRDA:30,3,0,0
BRDA:30,3,1,1
BRDA:37,4,0,0
BRDA:37,4,1,1
BRF:11
BRH:9
end_of_record
TN:
SF:api\services\userService.js
FN:5,(anonymous_0)
FN:30,(anonymous_1)
FN:37,(anonymous_2)
FN:45,(anonymous_3)
FN:54,(anonymous_4)
FN:59,(anonymous_5)
FN:95,(anonymous_6)
FNF:7
FNH:5
FNDA:25,(anonymous_0)
FNDA:2,(anonymous_1)
FNDA:2,(anonymous_2)
FNDA:1,(anonymous_3)
FNDA:1,(anonymous_4)
FNDA:0,(anonymous_5)
FNDA:0,(anonymous_6)
DA:2,14
DA:5,14
DA:6,25
DA:7,25
DA:9,21
DA:10,21
DA:12,19
DA:20,18
DA:26,18
DA:27,18
DA:30,14
DA:31,2
DA:34,2
DA:37,14
DA:38,2
DA:41,2
DA:42,1
DA:45,14
DA:46,1
DA:47,1
DA:49,1
DA:50,1
DA:51,1
DA:54,14
DA:55,1
DA:56,1
DA:59,14
DA:60,0
DA:65,0
DA:66,0
DA:68,0
DA:69,0
DA:70,0
DA:73,0
DA:78,0
DA:79,0
DA:80,0
DA:81,0
DA:85,0
DA:87,0
DA:92,0
DA:95,14
DA:96,0
DA:99,0
LF:44
LH:28
BRDA:7,0,0,4
BRDA:7,0,1,21
BRDA:7,1,0,25
BRDA:7,1,1,24
BRDA:7,1,2,22
BRDA:10,2,0,2
BRDA:10,2,1,19
BRDA:41,3,0,1
BRDA:41,3,1,1
BRDA:47,4,0,0
BRDA:47,4,1,1
BRDA:56,5,0,0
BRDA:56,5,1,1
BRDA:65,6,0,0
BRDA:65,6,1,0
BRDA:65,7,0,0
BRDA:65,7,1,0
BRDA:80,8,0,0
BRDA:80,8,1,0
BRDA:85,9,0,0
BRDA:85,9,1,0
BRF:21
BRH:11
end_of_record
